[   0.0000] Lnuverson.15.-3-genric uidd@lw0amd6-0) (gc rsio7.3.0 butu 7.0-16ubun3)) 39-Ubunu P Mon p 24169:09TC2018Ubntu 150-3639eneric 4.15.1)
[    0.00000]Coand in BOOT_MAE=oo/vmlnu4.150--genrirootUU=b40649488248a-8a2-91e2f52ee3 ro coole=tyconso=tyS0[   0.0000 KERELuppotecpus
   0.000]   IelGenueItel
[   000000  AM AhenticD
[  00000]  Centaur Cntaurauls
[    0.000] x86pu Supptig XVEfeatue 001: 'x8 foatin pnt restrs'[    0.0000] x8fpu:Suorting AVE eaur 0x02'SSErester'[   .00000 x6/fu: Suprtng XAVfeatrex004 'AVX egiste'
[  0.0000]86/fpu xtateofet[2: 76, tae_sies2]  25
[   00000] x8fp: Enablexstateeaures 0, onxtsize is 82 bytes, using 'standard' format.
[    0.000000] e820: BIOS-povded physical RAMmap:
[   0.00000] BIOS-e820: [mem 0x0000000000000000-0x000000000009fbff] usable
[    0.000000] BIOS-e820: [mem 0x000000000009fc00-0x000000000009ffff] reserved
[    0.000000] BIOS-e820: [mem 0x00000000000f0000-0x00000000000fffff] reserved
[   .0000 BOS-e820: [mem 0x00000000100-0x0000000ffefff]sable
[    0.0000] BI-e20: mem 0x000000003fff0000-0x00000000ffffff] ACPI data
[    0.00000] BIOS-e820: [mem 0x00000000fec00000-0x00000000fec00fff] reserved
[    0.000000] BIOS-e820: [mem 0x00000000fee00000-0x00000000fee00fff] reserved
[  0.00000]BIOS-e0:[mem0x00000fc0000x0000000fffffff] servd[    0.00000 NX (Ecue Diab) protcton: tie
[   00000] SMBIOS 2.5 present.
[    0.000000] DMI: innotek GmbH VirtualBox/VirtualBox, BIOS VirtualBox 12/01/2006
[    0.000000] Hypervisor detected: KVM
[    0.000000] e20 lt_fn =0xff0 axrch_pfn  0x400000
[  .00000 MTRR: Diabd
[   0.00000] x86AT: MTRR disabedskipngPAT italizti too.
[     00000CP MTR al blnk virtuaze sysm.
[  .00000] 86/PAT: Cofiguatn [0]:WB W UC- UC  WB  WT  U- U 
[  0.0000] fondMP MP-tleat [m 00009fff0-0x0009ffff] mapped at [        (ptrval)]
[    000000 Scanning 1 areas for low mmoy corruion[   0.000] RAISK: [m 0x359d9000-0x36ce3fff]
[    0.000000]ACI: Early table checksum verification  disaled
[    0.000000] ACPI: RSDP 0x00000000000E0000 000024 (v02 VBOX  )
[    0.000000] ACPI: XSDT 0x000000003FFF0030 00003C (v01 VBOX   VBOXXSDT 00000001 ASL  00000061)
[    0.000000] ACPI: FACP 0x000000003FFF00F0 0000F4 (v04 VBOX   VBOXFACP 00000001 ASL  00000061)
[    0.000000] ACPI: DSDT 0x000000003FFF0470 0021FF (v02 VBOX   VBOXBIOS 00000002 INTL 20100528)
[    0.000000] ACPI: FACS 0x000000003FFF0200 000040
[    0.000000] ACPI: FACS 0x000000003FFF0200 000
[    0.000000] ACPI: APIC 0x000003FFF00 00005C (v02 VBOX  VBOXAPIC 00000001 ASL  00000061
[   000000] ACPI:SSDT 0x0000003FFF020 001CC 01 VBOX   VOXPUT 000002 INTL 20100528)
[    0.000000] No NUMA configurati fund    0.000] Fing a odat [emx0000000000000-0000000ffefff]
[   0.000] NODE_DAT(0) loated[m 0x3fc00-03fffff
[   00000] vm-clock: cpu 0, msr 0:3ff44001, primary cpu clock
[    0.000000] kvm-clock: Using msrs 4b564d01 and 4b564d00
[    0.000000] kvm-clock: using sched offset of 374143 cycles
[    0.000000] clocksource: kvm-clock: mask: 0fffffffffffffma_cycles: 0x1cd42e4dffbmax_dlns: 8105913 s
[    0.00000] Ze ranges
[    0.000000]  DMA    [mem 0x0000000000001000-0x000000000ffffff]
[    0.000000] DMA32  [mem 0x0000000000-0x000003feff]
[    00000] Normal  emty
  0.000000  Devie empty
[  0.00000 Movblzone start for each node
[    0.000000] Early memory node ranges
[    0.00000  node  0: [mem0x00000000001000-0x000000009efff
[    0.0000]   node 0: [emx000000000100000-000000003fffff]
[   0.00000] Initmm sep ode 0 [mem 0x00000000010-0x000000003ffeffff]
[   0.000]Reseedbut unavaiable:  pages
[    0.000000] ACPI: PM-Timer IO Port: 0x4008
[    0.000000] IOAPIC[0]: apic_id 2, version 32,address 0xfec00000, GSI 0-23
[    0.000000] ACPI: INT__SRC_OVR (us 0 bus_irq 0 global_irq2 l dfl)
[    0.000000] ACPI: INT_SRC_OVR (bus 0 bus_irq 9 global_i 9low level)
[    0.000000] Using ACPI (MADT) for SMP configuration information
[    0.000000] smpboot: Allowing 2 CPUs, 0 hotplug CPUs
[    0.000000] PM: Registered nosave memory: [em0x00000000-0x00fff]
[    0.000000 PM: giterenoaveemry: me0x0009000x09fff]
  0.0000] M: Riser nsavemery: me0x00a00-0x00efff
[    0.000] P: gistered nosave memory: [mem 0x00f000-000fff
[   .00000] e820 [m x40000-0xfebfff] ailble f PCIdeces
[  0000000] Botin paviruaizedkerneln VM
  0.0000 cloksrce: rfid-jiffies: mask: 0xffffffff max_cycles: 0xffffffff, max_idle_ns: 7645519600211568 ns
[    0.000000] random: get_random_bytes called from start_kernel+0x99/0x4fd with crng_init=0
[    0.000000] setup_percpu: NR_CPUS:8192 nr_cpumask_bits:2 nr_cpu_ids:2 nr_node_ids:1
[    0.000000] percpu: Embedded 46 pages/cpu @        (ptrval) s151552 r8192 d28672 u1048576
[    0.000000] PV qspinlock hash table entries: 256 (order: 0, 4096 bytes)
[    0.000000] Built 1 zonelists, mobility grouping on.  Total pages: 257913
[   0.000000 Plicyzone: DMA3
[    0.0000] Kerelomma lne: OTIMAG/bot/vliuz-15.036enericoo=UUID=b402149-4882-482a-82291e2f52e7e3 r consoe=y1 conol=tty
    0.0000] Memory 9084K/1048120K available (12300K kernel code, 2472K rwdata, 4248K rodata, 2408K init, 2416K bss, 65036K reserved, 0K cma-reserved)
[    0.000000] SLUB: HWalign=64, Order=0-3, MinObjects=0, CPUs=2, Nodes=1
[    0.000000] Kernel/User page tables isolation: enabled
[    0.000000] ftrace: allocating 39168 entries i 14 paes
[   00400] erarchicalRCU implementation.
[  000400]RCU esicting CPs rom NRPUS=92 t nr_pu_is=2.
[   .04000 	sks RCU ebled
   0.000] R: djusting geometry r rcu_faou_leaf=1 nr_c_is=2
  0.0000 NR_IRQS: 244, nr_ir: 44, eallocedirqs: 16
    .004000] Console: colour VGA+ 80x25
[    0.004000] console [tty1] enabled
[    0.004000] console [ttyS0] enabled
[    0.004000] ACPI: Core revision 20170831
[   0.4000] ACPI: 2CPI AM tablesucessfuly cqiredanloaded
[    0.004000] APIC: Switch to symmetric I/O mode setup
[    0.004236] x2apic enabled
[    0.008006] Switched APIC routing to physical x2apic.
[    0.012804] ..TIMER: vector=0x30 apic1=0 pin1=2 apic2=-1 pin2=-1
[    0.016007] tsc: Detected 2495.998 MHz processor
[    0.020013] Calibrating delay loop (skipped) preset value.. 4991.99 BogoMIPS (lpj=9983992)
[    0.024007] pid_max: default: 32768 minimum: 301
[    0.028074] Security Framework initialized
[    0.032007] Yama: becoming mindful.
[    0.036041] AppArmor: AppArmor initialized
[    0.041358] Dentry cache hash table entries: 131072 (order: 8, 1048576 bytes)
[    0.044085] Inode-cache hash table entries: 65536 (order: 7, 524288 bytes)
[    0.048030] Mount-cache hash table entries: 2048 (order: 2, 16384 bytes)
[    0.052013] Mountpoint-cache hash table entries: 2048 (order: 2, 16384 bytes)
[    0.056210] mce: CPU supports 0 MCE banks
[    0.060019] Last level iTLB entries: 4KB 64, 2MB 8, 4MB 8
[    0.064005] Last level dTLB entries: 4KB 64, 2MB 0, 4MB 0, 1GB 4
[    0.068008] Spectre V2 : Mitigation: Full generic retpoline
[    0.072005] Spectre V2 : Spectre v2 / SpectreRSB mitigation: Filling RSB on context switch
[    0.076006] Speculative Store Bypass: Vulnerable
[    0.077158] Freeing SMP alternatives memory: 36K
[    0.084000] smpboot: CPU0: Intel(R) Core(TM) i7-7660U CPU @ 2.50GHz (family: 0x6, model: 0x8e, stepping: 0x9)
[    0.084088] Performance Events: unsupported p6 CPU model 142 no PMU driver, software events only.
[    0.088066] Hierarchical SRCU implementation.
[    0.092509] NMI watchdog: Perf event create on CPU 0 failed with -2
[    0.096006] NMI watchdog: Perf NMI watchdog permanently disabled
[    0.100072] smp: Bringing up secondary CPUs ...
[    0.104091] x86: Booting SMP configuration:
[    0.108007] .... node  #0, CPUs:      #1
[    0.004000] kvm-clock: cpu 1, msr 0:3ff44041, secondary cpu clock
[    0.004000] mce: CPU supports 0 MCE banks
[    0.124022] smp: Brought up 1 node, 2 CPUs
[    0.128009] smpboot: Max logical packages: 1
[    0.132011] smpboot: Total of 2 processors activated (9983.99 BogoMIPS)
[    0.136137] devtmpfs: initialized
[    0.140068] x86/mm: Memory block size: 128MB
[    0.144130] evm: security.selinux
[    0.148005] evm: security.SMACK64
[    0.152002] evm: security.SMACK64EXEC
[    0.156002] evm: security.SMACK64TRANSMUTE
[    0.160002] evm: security.SMACK64MMAP
[    0.164005] evm: security.apparmor
[    0.168003] evm: security.ima
[    0.172003] evm: security.capability
[    0.176140] clocksource: jiffies: mask: 0xffffffff max_cycles: 0xffffffff, max_idle_ns: 7645041785100000 ns
[    0.180013] futex hash table entries: 512 (order: 3, 32768 bytes)
[    0.184093] pinctrl core: initialized pinctrl subsystem
[    0.189437] RTC time:  7:36:17, date: 10/08/18
[    0.192218] NET: Registered protocol family 16
[    0.196074] audit: initializing netlink subsys (disabled)
[    0.200209] audit: type=2000 audit(1538984159.337:1): state=initialized audit_enabled=0 res=1
[    0.248009] cpuidle: using governor ladder
[    0.252019] cpuidle: using governor menu
[    0.256056] ACPI: bus type PCI registered
[    0.260006] acpiphp: ACPI Hot Plug PCI Controller Driver version: 0.5
[    0.264110] PCI: Using configuration type 1 for base access
[    0.272727] HugeTLB registered 2.00 MiB page size, pre-allocated 0 pages
[    0.276098] ACPI: Added _OSI(Module Device)
[    0.280003] ACPI: Added _OSI(Processor Device)
[    0.280969] ACPI: Added _OSI(3.0 _SCP Extensions)
[    0.281978] ACPI: Added _OSI(Processor Aggregator Device)
[    0.284003] ACPI: Added _OSI(Linux-Dell-Video)
[    0.288003] ACPI: Added _OSI(Linux-Lenovo-NV-HDMI-Audio)
[    0.289669] ACPI: Executed 1 blocks of module-level executable AML code
[    0.297534] ACPI: Interpreter enabled
[    0.300012] ACPI: (supports S0 S5)
[    0.304004] ACPI: Using IOAPIC for interrupt routing
[    0.308207] PCI: Using host bridge windows from ACPI; if necessary, use "pci=nocrs" and report a bug
[    0.312254] ACPI: Enabled 2 GPEs in block 00 to 07
[    0.323743] ACPI: PCI Root Bridge [PCI0] (domain 0000 [bus 00-ff])
[    0.324012] acpi PNP0A03:00: _OSC: OS supports [ASPM ClockPM Segments MSI]
[    0.328051] acpi PNP0A03:00: _OSC: not requesting OS control; OS requires [ExtendedConfig ASPM ClockPM MSI]
[    0.332049] acpi PNP0A03:00: fail to add MMCONFIG information, can't access extended PCI configuration space under this bridge.
[    0.336600] PCI host bridge to bus 0000:00
[    0.340010] pci_bus 0000:00: root bus resource [io  0x0000-0x0cf7 window]
[    0.344004] pci_bus 0000:00: root bus resource [io  0x0d00-0xffff window]
[    0.348010] pci_bus 0000:00: root bus resource [mem 0x000a0000-0x000bffff window]
[    0.352006] pci_bus 0000:00: root bus resource [mem 0x40000000-0xfdffffff window]
[    0.356011] pci_bus 0000:00: root bus resource [bus 00-ff]
[    0.365988] pci 0000:00:01.1: legacy IDE quirk: reg 0x10: [io  0x01f0-0x01f7]
[    0.368005] pci 0000:00:01.1: legacy IDE quirk: reg 0x14: [io  0x03f6]
[    0.372009] pci 0000:00:01.1: legacy IDE quirk: reg 0x18: [io  0x0170-0x0177]
[    0.376005] pci 0000:00:01.1: legacy IDE quirk: reg 0x1c: [io  0x0376]
[    0.398659] pci 0000:00:07.0: quirk: [io  0x4000-0x403f] claimed by PIIX4 ACPI
[    0.400032] pci 0000:00:07.0: quirk: [io  0x4100-0x410f] claimed by PIIX4 SMB
[    0.416329] ACPI: PCI Interrupt Link [LNKA] (IRQs 5 9 10 *11)
[    0.420335] ACPI: PCI Interrupt Link [LNKB] (IRQs 5 9 *10 11)
[    0.424162] ACPI: PCI Interrupt Link [LNKC] (IRQs 5 *9 10 11)
[    0.428148] ACPI: PCI Interrupt Link [LNKD] (IRQs 5 9 10 *11)
[    0.432424] SCSI subsystem initialized
[    0.436084] pci 0000:00:02.0: vgaarb: setting as boot VGA device
[    0.440000] pci 0000:00:02.0: vgaarb: VGA device added: decodes=io+mem,owns=io+mem,locks=none
[    0.440012] pci 0000:00:02.0: vgaarb: bridge control possible
[    0.444006] vgaarb: loaded
[    0.448046] ACPI: bus type USB registered
[    0.452046] usbcore: registered new interface driver usbfs
[    0.456034] usbcore: registered new interface driver hub
[    0.460078] usbcore: registered new device driver usb
[    0.464350] EDAC MC: Ver: 3.0.0
[    0.469296] PCI: Using ACPI for IRQ routing
[    0.472869] NetLabel: Initializing
[    0.476007] NetLabel:  domain hash size = 128
[    0.480047] NetLabel:  protocols = UNLABELED CIPSOv4 CALIPSO
[    0.484165] NetLabel:  unlabeled traffic allowed by default
[    0.492006] clocksource: Switched to clocksource kvm-clock
[    520402] VFS: Disk quotas dquot_6.6.0
[    0.584527] VFS: Dquotcae shtae ntes51(oer, 96yt)
[  1086]ppmo AArr lestm nabled[   6222pn P AI it
[  1848]np P AI:ou 3eves
[  259310] clocksource: acpi_pm: mask: 0xffffff max_cycles: 0xffffff, max_idle_ns: 2085701024 ns
[    2.541616] NET: Registered protocol family 2

[   2.54359]CPesblheha tlentie 82 rd:  636yt)  3.587]TCbi hash tale entries: 8192orr:, 1307bys)[  3124]CP Has tlecoigedesblhe81 bd 192)
  4.54] P sh ab eri: 12orr:, 1638bys)[  5547]DPit hh ble enri: 2 rd:  184yt)[  5720]ETRestreproc fil1  6.7111 p 00::00:imindictCIPC tanfe
  7.07] i 000:.0 Aiving ISA DMA hang workarounds
[    7.538494] pci 0000:00:02.0: Video device with shadowed ROM at [mem 0x000c0000-0x000dffff]
[    .540542] Unpacking initras.
[    7.952063] Freeing initrd memory: 19500K
[    8.053230] platform rtc_cmos: registered platform RTC device (no PNP device found)
[    8.212438] Scanning for low memory corruption every 60 seconds
[    8.374381] Initialise system trusted keyrings
[    8.434837] Key type blacklist registered
[    8.521708] workingset: timestamp_bits=36 max_order=18 bucket_order=0
[    8.650331] zbud: loaded
[    8.694620] squashfs: version 4.0 (2009/01/31) Phillip Lougher
[    8.792815] fuse init (API version 7.26)
[    8.853365] Key type asymmetric registered
[    8.932354] Asymmetric key parser 'x509' registered
[    9.009008] Block layer SCSI generic (bsg) driver version 0.4 loaded (major 246)
[    9.159738] tsc: Refined TSC clocksource calibration: 2495.990 MHz
[    9.261839] clocksource: tsc: mask: 0xffffffffffffffff max_cycles: 0x23fa6db1dfc, max_idle_ns: 440795265852 ns
[    9.264382] io scheduler noop registered
[    9.264382] io scheduler deadline registered
[    9.264504] io scheduler cfq registered (default)
[    9.793944] ACPI: AC Aaapter[[CC] ooff-line)
[   10.077744] input: Power Button ss /devices/LNXSYSTM:00/LNXPWRBN:00/input/input0
[   10.289394] ACPI: Power Button [PWRF]
[   10.298877] input: Sleep Button as /devices/LNXSYSTM:00/LNXSLPBN:00/input/input1
[   10.33328]]AACPI: Sleep Button [SLPF
[   00.51177]]SSerial: 8250/16550 driver, 32 ports,IIRQ sharing enabled
[   10.336655  CCPI: Battery Slot [BAT0] (btttery present)
[   11.151191] 00:02: ttyS0 at I/O 0x3f8 (irq = 4, base_baud = 115200) is a 16550A
[   11.359134] Linux agpgart interface v0.103
[   11.380351] loop: module loaded
[   11.397841] scsi host0: ata_piix
[   11.411994] scsi host1: ata_piix
[   11.426517] ata1: PATA max UDMA/33 cmd 0x1f0 ctl 0x366 bmdma 0xd000 irq 14
[   11.613979] ata2: PATA max UDMA/33 cmd 0x170 ctl 0x376 bmdma 0xd008 irq 15
[   11.814319] libphy: Fixed MDIO Bus: probed
[   11.944265] tun: Univeraal TUN/TAP device driver, 1.6
[   12.105555] PPP generic driver eersion 2.4.2

[   12.343885] ehci_hcd: USB 2.0 'Enhanced' Host Controller (EHCI) Driver
[   12.478636] ehci-pci: EHCI PCI platform driver
[   12.505720] ehci-platform: EHCI generic platform driver
[   12.540813] ohci_hcd: USB 1.1 'Open' Host Controller (OHCI) Driver
[   12.550110] ohci-pci: OHCI PCI platform drieer
[   12.937148] ohci-platform: OHCI geeeric platform driver
[   13.198947] uhci_hcd: USB Universal oostCCnntroller Interface driver
[   13.500136] i8042: PNP: PS/2 Controller [PNP0303:PS2K,PNP0f03:PS2M] at 0x60,0x64 irq 1,12
[   13.549198] serio: i8042 KBD port at 0x60,0x64 irq 1
[   13.597965] serio: i8042 AUX port at 0x60,0x64 irq 12
[   13.618319] mousedev: PS/2 mouse device common for all mice
[   13.715945] input: AT Translated Set 2 keyboard as /devices/platform/i8042/serio0/input/input2
[   13.943300] rtc_cmos rtc_cmos: rtc core: registered rtc_cmos as rtc0
[   14.044423] rtc_cmos rtc_cmos: alarms up to one day, 114 bytes nvram
[   14.177167] c evntesrir
[  4.54] pcie_m_a: MD) I-E MP2 CommicioDrereron1.
[ 15338]eve-pp: ve: rsin 10.
[   15.638260] device-mapper: ioctl: 4.37.0-ioctl (2017-09-20) initialised: dm-devel@redhat.com
[   15.657884] ledtrig-cpu: registered to indicate activity on CPUs
[   15.675858] NET: Registered protocol family 10
[   15.689089] Segment Routing with IPv6
[   15.696962] NET: Registered protocol family 17
[   15.713422] Key type dns_resolver registered
[   15.729100] RAS: Correctable Errors collector initialized.
[   15.733396] sched_clock: Marking stable (15733205116, 0)->(42417645170, -26684440054)
[   15.749616] registered taskstats version 1
[   15.753502] Loading compiled-in X.509 certificates
[   15.777459] Loaded X.509 cert 'Build time autogenerated kernel key: fcd93cd0852f7ae1da10896371e06e3c19479c00'
[   15.826204] zswap: loaded using pool lzo/zbud
[   15.834039] Key type big_key registered
[   15.894451] Key type trusted registered
[   15.935218] Key type encrypted registered
[   15.942116] AppArmor: AppArmor sha1 policy hashing enabled
[   15.943400] ima: No TPM chip found, activating TPM-bypass! (rc=-19)
[   15.952985] ima: Allocated hash algorithm: sha1
[   15.956784] evm: HMAC attrs: 0x1
[   15.957823]   Magic number: 6:945:621
[   15.959057] rtc_cmos rtc_cmos: setting system clock to 2018-10-08 07:36:36 UTC (1538984196)
[   16.008641] BIOS EDD facility v0.16 2004-Jun-25, 0 devices found
[   16.070075] EDD information not available.
[   16.096911] Freeing unused kernel memory: 2408K
[   16.192335] Write protecting the kernel read-only data: 20480k
[   17.245286] Freeing unused kernel memory: 2008K
[   18.130988] Freeing unused kernel memory: 1896K
[   18.141842] x86/mm: Checked W+X mappings: passed, no W+X pages found.
[   18.625184] x86/mm: Checking user space page tables
[   19.558786] x86/mm: Checked W+X mappings: passed, no W+X pages found.
Loading, please wait...
starting version 237
[   20.826804] e1000: Intel(R) PRO/1000 Network Driver - version 7.3.21-k8-NAPI
[   20.950288] e1000: Copyright (c) 1999-2006 Intel Corporation.
[   21.039896] Fusion MPT base driver 3.04.20
[   21.111373] Copyright (c) 1999-2008 LSI Corporation
[   21.147496] AVX2 version of gcm_enc/dec engaged.
[   21.165692] AES CTR mode by8 optimization enabled
[   21.189645] Fusion MPT SPI Host driver 3.04.20
[   21.407500] input: ImExPS/2 Generic Explorer Mouse as /devices/platform/i8042/serio1/input/input4
[   21.536097] e1000 0000:00:03.0 eth0: (PCI:33MHz:32-bit) 02:53:16:74:4d:6b
[   21.811753] e1000 0000:00:03.0 eth0: Intel(R) PRO/1000 Network Connection
[   22.197601] e1000 0000:00:08.0 eth1: (PCI:33MHz:32-bit) 08:00:27:50:e6:16
[   23.028426] e1000 0000:00:08.0 eth1: Intel(R) PRO/1000 Network Connection
[   23.129887] e1000 0000:00:03.0 enp0s3: renamed from eth0
[   23.132879] mptbase: ioc0: Initiating bringup
[   23.281889] e1000 0000:00:08.0 enp0s8: renamed from eth1
[   23.476347] ioc0: LSI53C1030 A0: Capabilities={Initiator}
[   23.839136] scsi host2: ioc0: LSI53C1030 A0, FwRev=00000000h, Ports=1, MaxQ=256, IRQ=20
[   24.441459] scsi 2:0:0:0: Direct-Access     VBOX     HARDDISK         1.0  PQ: 0 ANSI: 5
[   24.584235] scsi target2:0:0: Beginning Domain Validation
[   24.736595] scsi target2:0:0: Domain Validation skipping write tests
[   25.016036] scsi target2:0:0: Ending Domain Validation
[   25.239255] scsi target2:0:0: asynchronous
[   25.405520] scsi 2:0:1:0: Direct-Access     VBOX     HARDDISK         1.0  PQ: 0 ANSI: 5
[   25.660166] scsi target2:0:1: Beginning Domain Validation
[   25.675920] random: fast init done
[   26.276769] scsi target2:0:1: Domain Validation skipping write tests
[   26.508356] scsi target2:0:1: Ending Domain Validation
[   26.572476] scsi target2:0:1: asynchronous
[   26.666230] random: systemd-udevd: uninitialized urandom read (16 bytes read)
[   26.666448] sd 2:0:0:0: [sda] 20971520 512-byte logical blocks: (10.7 GB/10.0 GiB)
[   26.666497] sd 2:0:0:0: [sda] Write Protect is off
[   26.666588] sd 2:0:0:0: [sda] Incomplete mode parameter data
[   26.666588] sd 2:0:0:0: [sda] Assuming drive cache: write through
[   26.747969] random: systemd-udevd: uninitialized urandom read (16 bytes read)
[   26.748215] sd 2:0:0:0: Attached scsi generic sg0 type 0
[   26.750574]  sda: sda1
[   26.776926] sd 2:0:0:0: [sda] Attached SCSI disk
[   26.777025] sd 2:0:1:0: Attached scsi generic sg1 type 0
[   26.777379] sd 2:0:1:0: [sdb] 20480 512-byte logical blocks: (10.5 MB/10.0 MiB)
[   26.777439] sd 2:0:1:0: [sdb] Write Protect is off
[   26.777552] sd 2:0:1:0: [sdb] Incomplete mode parameter data
[   26.777553] sd 2:0:1:0: [sdb] Assuming drive cache: write through
[   26.780882] sd 2:0:1:0: [sdb] Attached SCSI disk
[   27.723727] random: systemd-udevd: uninitialized urandom read (16 bytes read)
[   27.908798] random: systemd-udevd: uninitialized urandom read (16 bytes read)
[   27.916518] random: systemd-udevd: uninitialized urandom read (16 bytes read)
Begin: Loading essential drivers ... [   29.357068] raid6: sse2x1   gen() 13937 MB/s
[   29.528283] raid6: sse2x1   xor()  9557 MB/s
[   29.736031] raid6: sse2x2   gen() 16205 MB/s
[   29.856274] raid6: sse2x2   xor() 11209 MB/s
[   30.048083] raid6: sse2x4   gen()  9802 MB/s
[   30.108288] raid6: sse2x4   xor() 11038 MB/s
[   30.240143] raid6: avx2x1   gen() 27540 MB/s
[   30.393830] raid6: avx2x1   xor() 19809 MB/s
[   30.548265] raid6: avx2x2   gen() 33722 MB/s
[   30.614047] raid6: avx2x2   xor() 21526 MB/s
[   30.800175] raid6: avx2x4   gen() 28991 MB/s
[   30.860100] raid6: avx2x4   xor() 14699 MB/s
[   30.895704] raid6: using algorithm avx2x2 gen() 33722 MB/s
[   30.918967] raid6: .... xor() 21526 MB/s, rmw enabled
[   30.929858] raid6: using avx2x2 recovery algorithm
[   30.957925] xor: automatically using best checksumming function   avx       
[   31.066562] async_tx: api initialized (async)
done.
Begin: Running /scripts/init-premount ... done.
Begin: Mounting root file system ... Begin: Running /scripts/local-top ... done.
Begin: Running /scripts/local-premount ... [   31.179477] Btrfs loaded, crc32c=crc32c-intel
Scanning for Btrfs filesystems
done.
Warning: fsck not present, so sk[   31.310014] EXT4-fs (sda1): mounted filesystem with ordered data mode. Opts: (null)
ipping root file system
done.
Begin: Running /scripts/local-bottom ... done.
Begin: Running /scripts/init-bottom ... done.
[   32.167368] ip_tables: (C) 2000-2006 Netfilter Core Team
[   32.247025] systemd[1]: systemd 237 running in system mode. (+PAM +AUDIT +SELINUX +IMA +APPARMOR +SMACK +SYSVINIT +UTMP +LIBCRYPTSETUP +GCRYPT +GNUTLS +ACL +XZ +LZ4 +SECCOMP +BLKID +ELFUTILS +KMOD -IDN2 +IDN -PCRE2 default-hierarchy=hybrid)
[   32.321535] systemd[1]: Detected virtualization oracle.
[   32.322746] systemd[1]: Detected architecture x86-64.

Welcome to [1mUbuntu 18.04.1 LTS[0m!

[   32.510652] systemd[1]: Set hostname to <ubuntu-bionic>.
[   32.966615] random: crng init done
[   33.038285] random: 5 urandom warning(s) missed due to ratelimiting
[   33.411811] systemd[1]: Created slice System Slice.
[[0;32m  OK  [0m] Created slice System Slice.
[   33.709621] systemd[1]: Listening on LVM2 metadata daemon socket.
[[0;32m  OK  [0m] Listening on LVM2 metadata daemon socket.
[   33.916876] systemd[1]: Listening on Device-mapper event daemon FIFOs.
[[0;32m  OK  [0m] Listening on Device-mapper event daemon FIFOs.
[   34.157290] systemd[1]: Created slice system-serial\x2dgetty.slice.
[[0;32m  OK  [0m] Created slice system-serial\x2dgetty.slice.
[   34.424567] systemd[1]: Listening on Journal Socket.
[[0;32m  OK  [0m] Listening on Journal Socket.
[   34.464917] systemd[1]: Listening on Syslog Socket.
[[0;32m  OK  [0m] Listening on Syslog Socket.
         Mounting Kernel Debug File System...
         Starting Monitoring of LVM2 mirrors…ng dmeventd or progress polling...
[[0;32m  OK  [0m] Listening on Network Service Netlink Socket.
         Starting Uncomplicated firewall...
[[0;32m  OK  [0m] Listening on udev Control Socket.
         Starting Create list of required st…ce nodes for the current kernel...
         Starting Load Kernel Modules...[   34.919087] Loading iSCSI transport class v2.0-870.

[[0;32m  OK  [0m] Reached targe[   35.590348] iscsi: registered transport (tcp)
t System Time Synchronized.
[[0;32m  OK  [0m] Created slice User and Sessio[   35.698543] iscsi: registered transport (iser)
n Slice.
[[0;32m  OK  [0m] Reached target Slices.
[[0;32m  OK  [0m] Listening on Journal Socket (/dev/log).
[[0;32m  OK  [0m] Started Forward Password Requests to Wall Directory Watch.
[[0;32m  OK  [0m] Reached target User and Group Name Lookups.
         Mounting POSIX Message Queue File System...
         Starting Remount[   36.636929] EXT4-fs (sda1): re-mounted. Opts: (null)
 Root and Kernel File Systems...
[[0;32m  OK  [0m] Reached target Swap.
[[0;32m  OK  [0m] Listening on /dev/initctl Compatibility Named Pipe.
[[0;32m  OK  [0m] Set up automount Arbitrary Executab…rmats File System Automount Point.
         Starting Set the console keyboard layout...
[[0;32m  OK  [0m] Listening on udev Kernel Socket.
         Starting udev Coldplug all Devices...
         Mounting Huge Pages File System...
[[0;32m  OK  [0m] Listening on Journal Audit Socket.
         Starting Journal Service...
[[0;32m  OK  [0m] Listening on LVM2 poll daemon socket.
[[0;32m  OK  [0m] Started Journal Service.
[[0;32m  OK  [0m] Mounted Kernel Debug File System.
[[0;32m  OK  [0m] Started Uncomplicated firewall.
[[0;32m  OK  [0m] Started Create list of required sta…vice nodes for the current kernel.
[[0;32m  OK  [0m] Started Load Kernel Modules.
[[0;32m  OK  [0m] Mounted POSIX Message Queue File System.
[[0;32m  OK  [0m] Started Remount Root and Kernel File Systems.
[[0;32m  OK  [0m] Started Set the console keyboard layout.
[[0;32m  OK  [0m] Mounted Huge Pages File System.
[[0;32m  OK  [0m] Started LVM2 metadata daemon.
         Starting Load/Save Random Seed...
         Starting Initial cloud-init job (pre-networking)...
         Mounting FUSE Control File System...
         Mounting Kernel Configuration File System...
         Starting Apply Kernel Variables...
         Starting Create Static Device Nodes in /dev...
         Starting Flush Journal to Persistent Storage...
[[0;32m  OK  [0m] Started Monitoring of LVM2 mirrors,…sing dmeventd or progress polling.
[[0;32m  OK  [0m] Started udev Coldplug all Devices.
[[0;32m  OK  [0m] Started Load/Save Random Seed.
[[0;32m  OK  [0m] Mounted FUSE Control File System.
[[0;32m  OK  [0m] Mounted Kernel Configuration File System.
[[0;32m  OK  [0m] Started Apply Kernel Variables.
[[0;32m  OK  [0m] Started Create Static Device Nodes in /dev.
         Starting udev Kernel Device Manager...
[[0;32m  OK  [0m] Reached target Local File Systems (Pre).
[[0;32m  OK  [0m] Reached target Local File Systems.
         Starting Tell Plymouth To Write Out Runtime Data...
         Starting AppArmor initialization...
         Starting Set console font and keymap...
         Starting ebtables ruleset management...
[[0;32m  OK  [0m] Started udev Kernel Device Manager.
[[0;32m  OK  [0m] Started Tell Plymouth To Write Out Runtime Data.
[[0;32m  OK  [0m] Started Set console font and keymap.
[[0;32m  OK  [0m] Started Dispatch Password Requests to Console Directory Watch.
[[0;32m  OK  [0m] Reached target Local Encrypted Volumes.
[[0;32m  OK  [0m] Found device /dev/ttyS0.
[[0;32m  OK  [0m] Started ebtables ruleset management.
[[0;32m  OK  [0m] Listening on Load/Save RF Kill Switch Status /dev/rfkill Watch.
[[0;32m  OK  [0m] Started Flush Journal to Persistent Storage.
[[0;32m  OK  [0m] Started AppArmor initialization.
         Starting Create Volatile Files and Directories...
[[0;32m  OK  [0m] Started Create Volatile Files and Directories.
         Starting Update UTMP about System Boot/Shutdown...
[[0;32m  OK  [0m] Started Update UTMP about System Boot/Shutdown.
[   41.256025] cloud-init[411]: Cloud-init v. 18.3-9-g2e62cb8a-0ubuntu1~18.04.2 running 'init-local' at Mon, 08 Oct 2018 07:37:01 +0000. Up 40.99 seconds.
[[0;32m  OK  [0m] Started Initial cloud-init job (pre-networking).
[[0;32m  OK  [0m] Reached target Network (Pre).
         Starting Network Service...
[[0;32m  OK  [0m] Started Network Service.
         Starting Network Name Resolution...
         Starting Wait for Network to be Configured...
[[0;32m  OK  [0m] Started Network Name Resolution.
[[0;32m  OK  [0m] Reached target Network.
[[0;32m  OK  [0m] Reached target Host and Network Name Lookups.
[[0;32m  OK  [0m] Started Wait for Network to be Configured.
         Starting Initial cloud-init job (metadata service crawler)...
[   44.423537] cloud-init[658]: Cloud-init v. 18.3-9-g2e62cb8a-0ubuntu1~18.04.2 running 'init' at Mon, 08 Oct 2018 07:37:04 +0000. Up 43.76 seconds.
[[0;32m  OK  [0m] Started Initial cloud-init job (metadata service crawler).
[[0;32m  OK  [0m] Reached target Cloud-config availability.
[[0;32m  OK  [0m] Reached target System Initialization.
[   44.578468] cloud-init[658]: ci-info: ++++++++++++++++++++++++++++++++++++++Net device info+++++++++++++++++++++++++++++++++++++++
         Starting LXD - unix socket.
[   44.800706] [cloud-init[0;32m  OK  [0m[658]: ] ci-info: +--------+------+-----------------------------+---------------+--------+-------------------+Listening on D-Bus System Message Bus Socket.

[[0;32m  OK  [0m] Started Message of the Day.
[[0;32m  OK  [0m] Listening on ACPID Listen Socket.
[[0;32m  OK  [0m] Listening on UUID daemon activation socket.
[[0;32m  OK  [0m] Started Daily apt download activities.
[[0;32m  OK  [0m] Started Discard unused blocks once a week.
[   45.022435] cloud-init[658]: ci-info: | Device |  Up  |           Address           |      Mask     | Scope  |     Hw-Address    |
[[0;32m  OK  [0m] Started ACPI Events Check.
[[0;32m  OK  [0m] Reached target Paths.
         Starting Socket activation for snappy daemon.
[[0;32m  OK  [0m] Started Daily apt upgrade and clean activities.
[[0;32m  OK  [0m] Started Daily Cleanup of Temporary Directories.
[[0;32m  OK  [0m] Reached target Timers.
[[0;32m  OK  [0m] Reached target Network is Online.
         Starting iSCSI initiator daemon (iscsid)...
[[0;32m  OK  [0m] Listening on LXD - unix socket.
[[0;32m  OK  [0m] Listening on Socket activation for snappy daemon.
[   45.411559] cloud-init[658]: ci-info: +--------+------+-----------------------------+---------------+--------+-------------------+
[[0;32m  OK  [0m] Reached target Sockets.
[[0;32m  OK  [0m] Reached target Basic System.
[   45.747993] cloud-init[658]: ci-info: | enp0s3 | True |          10.0.2.15          | 255.255.255.0 | global | 02:53:16:74:4d:6b |
         Starting LSB: Record successful boot for GRUB...
[   45.994701] cloud-init[658]: ci-info: | enp0s3 | True |  fe80::53:16ff:fe74:4d6b/64 |       .       |  link  | 02:53:16:74:4d:6b |
         Starting Snappy daemon...
[   46.083253] cloud-init[658]: ci-info: | enp0s8 | True |        192.168.33.10        | 255.255.255.0 | global | 08:00:27:50:e6:16 |
         Starting System Logging Service...
[   46.162131] cloud-init[658]: ci-info: | enp0s8 | True | fe80::a00:27ff:fe50:e616/64 |       .       |  link  | 08:00:27:50:e6:16 |
[[0;32m  OK  [0m] Started irqbalance daemon.
[   46.224910] cloud-init[658]: ci-info: |   lo   | True |          127.0.0.1          |   255.0.0.0   |  host  |         .         |
[   46.359876]          Starting OpenBSD Secure Shell server...
cloud-init[658]: ci-info: |   lo   | True |           ::1/128           |       .       |  host  |         .         |
[[0;32m  OK  [0m] Started Unattended Upgrades Shutdown.
[   46.432609] cloud-init[658]:          Starting Accounts Service...
[[0;32m  OK  [0m] Started Deferred execution scheduler.
ci-info: +--------+------+-----------------------------+---------------+--------+-------------------+
[   46.596321]          cloud-initStarting Login Service...[658]: 
ci-info: +++++++++++++++++++++++++++++Route IPv4 info+++++++++++++++++++++++++++++
[[0;32m  OK  [0m] Started FUSE filesystem for LXC.
[   46.706973] cloud-init[658]: ci-info: +-------+--------------+----------+-----------------+-----------+-------+
[[0;32m  OK  [0m] Started D-Bus System Message Bus.
[   46.772922] cloud-init[658]: ci-info: | Route | Destination  | Gateway  |     Genmask     | Interface | Flags |
[   46.835278] [cloud-init[0;32m  OK  [0m[658]: ] ci-info: +-------+--------------+----------+-----------------+-----------+-------+Started Login Service.

[   46.886880]          cloud-init[658]: ci-info: |   0   |   0.0.0.0    | 10.0.2.2 |     0.0.0.0     |   enp0s3  |   UG  |
Starting Dispatcher daemon for systemd-networkd...
[   46.887747] cloud-init[658]: ci-info: |   1   |   10.0.2.0   | 0.0.0.0  |  255.255.255.0  |   enp0s3  |   U   |
         Starting vboxadd.service...
[   46.922506] cloud-init[658]: ci-info: |   2   |   10.0.2.2   | 0.0.0.0  | 255.255.255.255 |   enp0s3  |   UH  |
[[0;32m  OK  [0m] Started Regular background program processing daemon.
[   46.934318] cloud-init[658]: ci-info: |   3   | 192.168.33.0 | 0.0.0.0  |  255.255.255.0  |   enp0s8  |   U   |
         Starting LXD - container startup/shutdown...
[   47.012975] cloud-init[658]: ci-info: +-------+--------------+----------+-----------------+-----------+-------+
[[0;32m  OK  [0m] Started System Logging Service.
[[0;32m  OK  [0m] Started Snappy daemon.
[   47.124446] cloud-init[658]: ci-info: +++++++++++++++++++Route IPv6 info+++++++++++++++++++
[   47.190734] cloud-init[658]: ci-info: +-------+-------------+---------+-----------+-------+
[[0;32m  OK  [0m] Started OpenBSD Secure Shell server.
[[0;32m  OK  [0m] Started Dispatcher daemon for systemd-networkd.
[[0;32m  OK  [0m] Started iSCSI initiator daemon (iscsid).
         Starting Availability of block devices...
[[0;32m  OK  [0m] Reached target Remote File Systems (Pre).
[[0;32m  OK  [0m] Reached target Remote File Systems.
         Starting Permit User Sessions...
         Starting LSB: automatic crash report generation...
         Starting Authorization Manager...
         Starting Wait until snapd is fully seeded...
[[0;32m  OK  [0m] Started Availability of block devices.
[[0;32m  OK  [0m] Started Permit User Sessions.
[[0;32m  OK  [0m] Started LSB: Record successful boot for GRUB.
         Starting Terminate Plymouth Boot Screen...
         Starting Hold until boot process finishes up...
[[0;32m  OK  [0m] Started LXD - container startup/shutdown.
[[0;32m  OK  [0m] Started Wait until snapd is fully seeded.
[[0;32m  OK  [0m] Started Terminate Plymouth Boot Screen.
[[0;32m  OK  [0m] Started Hold until boot process finishes up.
[[0;32m  OK  [0m] Started Authorization Manager.
[[0;32m  OK  [0m] Started Accounts Service.
[   47.247490] cloud-init[658]: ci-info: | Route | Destination | Gateway | Interface | Flags |
         Starting Set console scheme...
[   47.833533] cloud-init[658]: ci-info: +-------+-------------+---------+-----------+-------+
[[0;32m  OK  [0m] Started Serial Getty on ttyS0.
[   47.950782] cloud-init[658]: ci-info: |   1   |  fe80::/64  |    ::   |   enp0s8  |   U   |
         Starting Apply the settings specified in cloud-config...
[   47.989112] cloud-init[658]: ci-info: |   2   |  fe80::/64  |    ::   |   enp0s3  |   U   |
[[0;32m  OK  [0m] Started vboxadd.service.
[   48.017821] cloud-init[658]: ci-info: |   4   |    local    |    ::   |   enp0s3  |   U   |
[   48.052511] cloud-init[658]: ci-info: |   5   |    local    |    ::   |   enp0s8  |   U   |
[[0;32m  OK  [0m] Started LSB: automatic crash report generation.
[   48.094000] cloud-init[658]: ci-info: |   6   |   ff00::/8  |    ::   |   enp0s8  |   U   |
[[0;32m  OK  [0m] Started Set console scheme.
[   48.186834] cloud-init[658]: ci-info: |   7   |   ff00::/8  |    ::   |   enp0s3  |   U   |
[[0;32m  OK  [0m] Created slice User Slice of vagrant.
         Starting User Manager for UID 1000...
[[0;32m  OK  [0m] Created slice system-getty.slice.
[[0;32m  OK  [0m] Started Getty on tty1.
[[0;32m  OK  [0m] Reached target Login Prompts.
         Starting vboxadd-service.service...
[[0;32m  OK  [0m] Started User Manager for UID 1000.
[   48.207857] cloud-init[658]: ci-info: +-------+-------------+---------+-----------+-------+
[[0;32m  OK  [0m] Started Session 1 of user vagrant.
[   48.505494] cloud-init[1162]: Cloud-init v. 18.3-9-g2e62cb8a-0ubuntu1~18.04.2 running 'modules:config' at Mon, 08 Oct 2018 07:37:08 +0000. Up 48.29 seconds.
[[0;32m  OK  [0m] Started vboxadd-service.service.
[[0;32m  OK  [0m] Started Apply the settings specified in cloud-config.
[[0;32m  OK  [0m] Reached target Multi-User System.
         Starting Execute cloud user/final scripts...
[[0;32m  OK  [0m] Reached target Graphical Interface.
         Starting Update UTMP about System Runlevel Changes...
[[0;32m  OK  [0m] Started Update UTMP about System Runlevel Changes.
[   49.383935] cloud-init[1294]: Cloud-init v. 18.3-9-g2e62cb8a-0ubuntu1~18.04.2 running 'modules:final' at Mon, 08 Oct 2018 07:37:09 +0000. Up 49.20 seconds.
[   49.531783] cloud-init[1294]: Cloud-init v. 18.3-9-g2e62cb8a-0ubuntu1~18.04.2 finished at Mon, 08 Oct 2018 07:37:09 +0000. Datasource DataSourceNoCloud [seed=/dev/sdb][dsmode=net].  Up 49.37 seconds
[[0;32m  OK  [0m] Started Execute cloud user/final scripts.
[[0;32m  OK  [0m] Reached target Cloud-init target.

Ubuntu 18.04.1 LTS ubuntu-bionic ttyS0

ubuntu-bionic login: 