  [1m[35m (0.7ms)[0m  [1m[34mSELECT sqlite_version(*)[0m
  ↳ /usr/lib/ruby/vendor_ruby/rake/task.rb:271
  [1m[35m (27.7ms)[0m  [1m[35mCREATE TABLE "schema_migrations" ("version" varchar NOT NULL PRIMARY KEY)[0m
  ↳ /usr/lib/ruby/vendor_ruby/rake/task.rb:271
  [1m[35m (26.2ms)[0m  [1m[35mCREATE TABLE "ar_internal_metadata" ("key" varchar NOT NULL PRIMARY KEY, "value" varchar, "created_at" datetime NOT NULL, "updated_at" datetime NOT NULL)[0m
  ↳ /usr/lib/ruby/vendor_ruby/rake/task.rb:271
  [1m[35m (3.5ms)[0m  [1m[34mSELECT "schema_migrations"."version" FROM "schema_migrations" ORDER BY "schema_migrations"."version" ASC[0m
  ↳ /usr/lib/ruby/vendor_ruby/rake/task.rb:271
Migrating to CreatePrefectures (20181007072916)
  [1m[35m (0.4ms)[0m  [1m[36mbegin transaction[0m
  ↳ /usr/lib/ruby/vendor_ruby/rake/task.rb:271
  [1m[35m (22.6ms)[0m  [1m[35mCREATE TABLE "prefectures" ("id" integer PRIMARY KEY AUTOINCREMENT NOT NULL, "prefecture" varchar, "created_at" datetime NOT NULL, "updated_at" datetime NOT NULL)[0m
  ↳ db/migrate/20181007072916_create_prefectures.rb:3
  [1m[36mActiveRecord::SchemaMigration Create (105.8ms)[0m  [1m[32mINSERT INTO "schema_migrations" ("version") VALUES (?)[0m  [["version", "20181007072916"]]
  ↳ /usr/lib/ruby/vendor_ruby/rake/task.rb:271
  [1m[35m (16.2ms)[0m  [1m[36mcommit transaction[0m
  ↳ /usr/lib/ruby/vendor_ruby/rake/task.rb:271
Migrating to CreatePosts (20181007073656)
  [1m[35m (0.2ms)[0m  [1m[36mbegin transaction[0m
  ↳ /usr/lib/ruby/vendor_ruby/rake/task.rb:271
  [1m[35m (181.5ms)[0m  [1m[35mCREATE TABLE "posts" ("id" integer PRIMARY KEY AUTOINCREMENT NOT NULL, "post_address" varchar, "post_code" varchar, "user_id" integer, "postage_id" integer, "created_at" datetime NOT NULL, "updated_at" datetime NOT NULL)[0m
  ↳ db/migrate/20181007073656_create_posts.rb:3
  [1m[36mActiveRecord::SchemaMigration Create (12.1ms)[0m  [1m[32mINSERT INTO "schema_migrations" ("version") VALUES (?)[0m  [["version", "20181007073656"]]
  ↳ /usr/lib/ruby/vendor_ruby/rake/task.rb:271
  [1m[35m (14.8ms)[0m  [1m[36mcommit transaction[0m
  ↳ /usr/lib/ruby/vendor_ruby/rake/task.rb:271
Migrating to CreatePostages (20181007074012)
  [1m[35m (0.2ms)[0m  [1m[36mbegin transaction[0m
  ↳ /usr/lib/ruby/vendor_ruby/rake/task.rb:271
  [1m[35m (14.5ms)[0m  [1m[35mCREATE TABLE "postages" ("id" integer PRIMARY KEY AUTOINCREMENT NOT NULL, "postage" integer, "post_id" integer, "prefecture_id" integer, "created_at" datetime NOT NULL, "updated_at" datetime NOT NULL)[0m
  ↳ db/migrate/20181007074012_create_postages.rb:3
  [1m[36mActiveRecord::SchemaMigration Create (1.7ms)[0m  [1m[32mINSERT INTO "schema_migrations" ("version") VALUES (?)[0m  [["version", "20181007074012"]]
  ↳ /usr/lib/ruby/vendor_ruby/rake/task.rb:271
  [1m[35m (281.0ms)[0m  [1m[36mcommit transaction[0m
  ↳ /usr/lib/ruby/vendor_ruby/rake/task.rb:271
Migrating to CreateFees (20181007074053)
  [1m[35m (0.4ms)[0m  [1m[36mbegin transaction[0m
  ↳ /usr/lib/ruby/vendor_ruby/rake/task.rb:271
  [1m[35m (20.3ms)[0m  [1m[35mCREATE TABLE "fees" ("id" integer PRIMARY KEY AUTOINCREMENT NOT NULL, "prefecture_id" varchar, "fee" integer, "created_at" datetime NOT NULL, "updated_at" datetime NOT NULL)[0m
  ↳ db/migrate/20181007074053_create_fees.rb:3
  [1m[36mActiveRecord::SchemaMigration Create (2.1ms)[0m  [1m[32mINSERT INTO "schema_migrations" ("version") VALUES (?)[0m  [["version", "20181007074053"]]
  ↳ /usr/lib/ruby/vendor_ruby/rake/task.rb:271
  [1m[35m (15.9ms)[0m  [1m[36mcommit transaction[0m
  ↳ /usr/lib/ruby/vendor_ruby/rake/task.rb:271
Migrating to CreateProducts (20181007074521)
  [1m[35m (0.2ms)[0m  [1m[36mbegin transaction[0m
  ↳ /usr/lib/ruby/vendor_ruby/rake/task.rb:271
  [1m[35m (117.9ms)[0m  [1m[35mCREATE TABLE "products" ("id" integer PRIMARY KEY AUTOINCREMENT NOT NULL, "title" varchar, "image_id" text, "price" integer, "label" varchar, "stock" integer, "release" date, "introduction" varchar, "artist_id" integer, "category_id" integer, "created_at" datetime NOT NULL, "updated_at" datetime NOT NULL)[0m
  ↳ db/migrate/20181007074521_create_products.rb:3
  [1m[36mActiveRecord::SchemaMigration Create (2.0ms)[0m  [1m[32mINSERT INTO "schema_migrations" ("version") VALUES (?)[0m  [["version", "20181007074521"]]
  ↳ /usr/lib/ruby/vendor_ruby/rake/task.rb:271
  [1m[35m (10.8ms)[0m  [1m[36mcommit transaction[0m
  ↳ /usr/lib/ruby/vendor_ruby/rake/task.rb:271
Migrating to CreateFavorites (20181007075152)
  [1m[35m (0.2ms)[0m  [1m[36mbegin transaction[0m
  ↳ /usr/lib/ruby/vendor_ruby/rake/task.rb:271
  [1m[35m (20.8ms)[0m  [1m[35mCREATE TABLE "favorites" ("id" integer PRIMARY KEY AUTOINCREMENT NOT NULL, "user_id" integer, "product_id" integer, "created_at" datetime NOT NULL, "updated_at" datetime NOT NULL)[0m
  ↳ db/migrate/20181007075152_create_favorites.rb:3
  [1m[36mActiveRecord::SchemaMigration Create (74.2ms)[0m  [1m[32mINSERT INTO "schema_migrations" ("version") VALUES (?)[0m  [["version", "20181007075152"]]
  ↳ /usr/lib/ruby/vendor_ruby/rake/task.rb:271
  [1m[35m (15.7ms)[0m  [1m[36mcommit transaction[0m
  ↳ /usr/lib/ruby/vendor_ruby/rake/task.rb:271
Migrating to CreateReviews (20181007075348)
  [1m[35m (0.3ms)[0m  [1m[36mbegin transaction[0m
  ↳ /usr/lib/ruby/vendor_ruby/rake/task.rb:271
  [1m[35m (15.7ms)[0m  [1m[35mCREATE TABLE "reviews" ("id" integer PRIMARY KEY AUTOINCREMENT NOT NULL, "text" varchar, "user_id" integer, "product_id" integer, "created_at" datetime NOT NULL, "updated_at" datetime NOT NULL)[0m
  ↳ db/migrate/20181007075348_create_reviews.rb:3
  [1m[36mActiveRecord::SchemaMigration Create (1.5ms)[0m  [1m[32mINSERT INTO "schema_migrations" ("version") VALUES (?)[0m  [["version", "20181007075348"]]
  ↳ /usr/lib/ruby/vendor_ruby/rake/task.rb:271
  [1m[35m (9.2ms)[0m  [1m[36mcommit transaction[0m
  ↳ /usr/lib/ruby/vendor_ruby/rake/task.rb:271
Migrating to CreateCarts (20181007075416)
  [1m[35m (0.5ms)[0m  [1m[36mbegin transaction[0m
  ↳ /usr/lib/ruby/vendor_ruby/rake/task.rb:271
  [1m[35m (16.5ms)[0m  [1m[35mCREATE TABLE "carts" ("id" integer PRIMARY KEY AUTOINCREMENT NOT NULL, "user_id" integer, "created_at" datetime NOT NULL, "updated_at" datetime NOT NULL)[0m
  ↳ db/migrate/20181007075416_create_carts.rb:3
  [1m[36mActiveRecord::SchemaMigration Create (2.1ms)[0m  [1m[32mINSERT INTO "schema_migrations" ("version") VALUES (?)[0m  [["version", "20181007075416"]]
  ↳ /usr/lib/ruby/vendor_ruby/rake/task.rb:271
  [1m[35m (246.9ms)[0m  [1m[36mcommit transaction[0m
  ↳ /usr/lib/ruby/vendor_ruby/rake/task.rb:271
Migrating to CreateCartItems (20181007075838)
  [1m[35m (0.3ms)[0m  [1m[36mbegin transaction[0m
  ↳ /usr/lib/ruby/vendor_ruby/rake/task.rb:271
  [1m[35m (312.7ms)[0m  [1m[35mCREATE TABLE "cart_items" ("id" integer PRIMARY KEY AUTOINCREMENT NOT NULL, "cart_id" integer, "product_id" integer, "quantity" integer, "created_at" datetime NOT NULL, "updated_at" datetime NOT NULL)[0m
  ↳ db/migrate/20181007075838_create_cart_items.rb:3
  [1m[36mActiveRecord::SchemaMigration Create (1.6ms)[0m  [1m[32mINSERT INTO "schema_migrations" ("version") VALUES (?)[0m  [["version", "20181007075838"]]
  ↳ /usr/lib/ruby/vendor_ruby/rake/task.rb:271
  [1m[35m (6.8ms)[0m  [1m[36mcommit transaction[0m
  ↳ /usr/lib/ruby/vendor_ruby/rake/task.rb:271
Migrating to CreateCategories (20181007081459)
  [1m[35m (0.9ms)[0m  [1m[36mbegin transaction[0m
  ↳ /usr/lib/ruby/vendor_ruby/rake/task.rb:271
  [1m[35m (16.0ms)[0m  [1m[35mCREATE TABLE "categories" ("id" integer PRIMARY KEY AUTOINCREMENT NOT NULL, "category_name" varchar, "created_at" datetime NOT NULL, "updated_at" datetime NOT NULL)[0m
  ↳ db/migrate/20181007081459_create_categories.rb:3
  [1m[36mActiveRecord::SchemaMigration Create (2.2ms)[0m  [1m[32mINSERT INTO "schema_migrations" ("version") VALUES (?)[0m  [["version", "20181007081459"]]
  ↳ /usr/lib/ruby/vendor_ruby/rake/task.rb:271
  [1m[35m (15.0ms)[0m  [1m[36mcommit transaction[0m
  ↳ /usr/lib/ruby/vendor_ruby/rake/task.rb:271
Migrating to CreateArtists (20181007081552)
  [1m[35m (0.3ms)[0m  [1m[36mbegin transaction[0m
  ↳ /usr/lib/ruby/vendor_ruby/rake/task.rb:271
  [1m[35m (15.9ms)[0m  [1m[35mCREATE TABLE "artists" ("id" integer PRIMARY KEY AUTOINCREMENT NOT NULL, "artist_name" varchar, "created_at" datetime NOT NULL, "updated_at" datetime NOT NULL)[0m
  ↳ db/migrate/20181007081552_create_artists.rb:3
  [1m[36mActiveRecord::SchemaMigration Create (3.3ms)[0m  [1m[32mINSERT INTO "schema_migrations" ("version") VALUES (?)[0m  [["version", "20181007081552"]]
  ↳ /usr/lib/ruby/vendor_ruby/rake/task.rb:271
  [1m[35m (16.4ms)[0m  [1m[36mcommit transaction[0m
  ↳ /usr/lib/ruby/vendor_ruby/rake/task.rb:271
Migrating to CreateDiscs (20181007081740)
  [1m[35m (0.2ms)[0m  [1m[36mbegin transaction[0m
  ↳ /usr/lib/ruby/vendor_ruby/rake/task.rb:271
  [1m[35m (18.6ms)[0m  [1m[35mCREATE TABLE "discs" ("id" integer PRIMARY KEY AUTOINCREMENT NOT NULL, "product_id" integer, "disc_name" varchar, "created_at" datetime NOT NULL, "updated_at" datetime NOT NULL)[0m
  ↳ db/migrate/20181007081740_create_discs.rb:3
  [1m[36mActiveRecord::SchemaMigration Create (2.1ms)[0m  [1m[32mINSERT INTO "schema_migrations" ("version") VALUES (?)[0m  [["version", "20181007081740"]]
  ↳ /usr/lib/ruby/vendor_ruby/rake/task.rb:271
  [1m[35m (17.1ms)[0m  [1m[36mcommit transaction[0m
  ↳ /usr/lib/ruby/vendor_ruby/rake/task.rb:271
Migrating to CreateTracks (20181007081835)
  [1m[35m (0.2ms)[0m  [1m[36mbegin transaction[0m
  ↳ /usr/lib/ruby/vendor_ruby/rake/task.rb:271
  [1m[35m (13.8ms)[0m  [1m[35mCREATE TABLE "tracks" ("id" integer PRIMARY KEY AUTOINCREMENT NOT NULL, "music" varchar, "list_num" integer, "disc_id" integer, "created_at" datetime NOT NULL, "updated_at" datetime NOT NULL)[0m
  ↳ db/migrate/20181007081835_create_tracks.rb:3
  [1m[36mActiveRecord::SchemaMigration Create (2.4ms)[0m  [1m[32mINSERT INTO "schema_migrations" ("version") VALUES (?)[0m  [["version", "20181007081835"]]
  ↳ /usr/lib/ruby/vendor_ruby/rake/task.rb:271
  [1m[35m (409.8ms)[0m  [1m[36mcommit transaction[0m
  ↳ /usr/lib/ruby/vendor_ruby/rake/task.rb:271
Migrating to CreateMessages (20181007082002)
  [1m[35m (0.2ms)[0m  [1m[36mbegin transaction[0m
  ↳ /usr/lib/ruby/vendor_ruby/rake/task.rb:271
  [1m[35m (214.2ms)[0m  [1m[35mCREATE TABLE "messages" ("id" integer PRIMARY KEY AUTOINCREMENT NOT NULL, "name" varchar, "mail" varchar, "text" varchar, "created_at" datetime NOT NULL, "updated_at" datetime NOT NULL)[0m
  ↳ db/migrate/20181007082002_create_messages.rb:3
  [1m[36mActiveRecord::SchemaMigration Create (2.3ms)[0m  [1m[32mINSERT INTO "schema_migrations" ("version") VALUES (?)[0m  [["version", "20181007082002"]]
  ↳ /usr/lib/ruby/vendor_ruby/rake/task.rb:271
  [1m[35m (21.7ms)[0m  [1m[36mcommit transaction[0m
  ↳ /usr/lib/ruby/vendor_ruby/rake/task.rb:271
Migrating to CreateHistories (20181007082250)
  [1m[35m (0.7ms)[0m  [1m[36mbegin transaction[0m
  ↳ /usr/lib/ruby/vendor_ruby/rake/task.rb:271
  [1m[35m (14.7ms)[0m  [1m[35mCREATE TABLE "histories" ("id" integer PRIMARY KEY AUTOINCREMENT NOT NULL, "cart_id" integer, "status" varchar, "price_history" integer, "post_address_history" varchar, "post_code_history" varchar, "created_at" datetime NOT NULL, "updated_at" datetime NOT NULL)[0m
  ↳ db/migrate/20181007082250_create_histories.rb:3
  [1m[36mActiveRecord::SchemaMigration Create (2.2ms)[0m  [1m[32mINSERT INTO "schema_migrations" ("version") VALUES (?)[0m  [["version", "20181007082250"]]
  ↳ /usr/lib/ruby/vendor_ruby/rake/task.rb:271
  [1m[35m (12.4ms)[0m  [1m[36mcommit transaction[0m
  ↳ /usr/lib/ruby/vendor_ruby/rake/task.rb:271
Migrating to DeviseCreateUsers (20181008102716)
  [1m[35m (3.6ms)[0m  [1m[36mbegin transaction[0m
  ↳ /usr/lib/ruby/vendor_ruby/rake/task.rb:271
  [1m[35m (11.9ms)[0m  [1m[35mCREATE TABLE "users" ("id" integer PRIMARY KEY AUTOINCREMENT NOT NULL, "email" varchar DEFAULT '' NOT NULL, "encrypted_password" varchar DEFAULT '' NOT NULL, "reset_password_token" varchar, "reset_password_sent_at" datetime, "remember_created_at" datetime, "sign_in_count" integer DEFAULT 0 NOT NULL, "current_sign_in_at" datetime, "last_sign_in_at" datetime, "current_sign_in_ip" varchar, "last_sign_in_ip" varchar, "name" varchar, "name_kana" varchar, "mail" varchar, "phone" varchar, "password" varchar, "post_code" varchar, "address" varchar, "deleted_flag" boolean, "created_at" datetime NOT NULL, "updated_at" datetime NOT NULL)[0m
  ↳ db/migrate/20181008102716_devise_create_users.rb:5
  [1m[35m (0.6ms)[0m  [1m[35mCREATE UNIQUE INDEX "index_users_on_email" ON "users" ("email")[0m
  ↳ db/migrate/20181008102716_devise_create_users.rb:47
  [1m[35m (0.5ms)[0m  [1m[35mCREATE UNIQUE INDEX "index_users_on_reset_password_token" ON "users" ("reset_password_token")[0m
  ↳ db/migrate/20181008102716_devise_create_users.rb:48
  [1m[36mActiveRecord::SchemaMigration Create (4.0ms)[0m  [1m[32mINSERT INTO "schema_migrations" ("version") VALUES (?)[0m  [["version", "20181008102716"]]
  ↳ /usr/lib/ruby/vendor_ruby/rake/task.rb:271
  [1m[35m (130.6ms)[0m  [1m[36mcommit transaction[0m
  ↳ /usr/lib/ruby/vendor_ruby/rake/task.rb:271
  [1m[36mActiveRecord::InternalMetadata Load (11.0ms)[0m  [1m[34mSELECT  "ar_internal_metadata".* FROM "ar_internal_metadata" WHERE "ar_internal_metadata"."key" = ? LIMIT ?[0m  [["key", "environment"], ["LIMIT", 1]]
  ↳ /usr/lib/ruby/vendor_ruby/rake/task.rb:271
  [1m[35m (0.2ms)[0m  [1m[36mbegin transaction[0m
  ↳ /usr/lib/ruby/vendor_ruby/rake/task.rb:271
  [1m[36mActiveRecord::InternalMetadata Create (20.1ms)[0m  [1m[32mINSERT INTO "ar_internal_metadata" ("key", "value", "created_at", "updated_at") VALUES (?, ?, ?, ?)[0m  [["key", "environment"], ["value", "development"], ["created_at", "2018-10-08 10:44:59.975268"], ["updated_at", "2018-10-08 10:44:59.975268"]]
  ↳ /usr/lib/ruby/vendor_ruby/rake/task.rb:271
  [1m[35m (49.2ms)[0m  [1m[36mcommit transaction[0m
  ↳ /usr/lib/ruby/vendor_ruby/rake/task.rb:271
  [1m[35m (2.8ms)[0m  [1m[34mSELECT "schema_migrations"."version" FROM "schema_migrations" ORDER BY "schema_migrations"."version" ASC[0m
  ↳ /usr/lib/ruby/vendor_ruby/rake/task.rb:271
  [1m[35m (5.7ms)[0m  [1m[34mSELECT "schema_migrations"."version" FROM "schema_migrations" ORDER BY "schema_migrations"."version" ASC[0m
  ↳ /usr/lib/ruby/vendor_ruby/rake/task.rb:271
Migrating to DeviseCreateAdmins (20181008104724)
  [1m[35m (0.4ms)[0m  [1m[36mbegin transaction[0m
  ↳ /usr/lib/ruby/vendor_ruby/rake/task.rb:271
  [1m[35m (0.9ms)[0m  [1m[34mSELECT sqlite_version(*)[0m
  ↳ db/migrate/20181008104724_devise_create_admins.rb:5
  [1m[35m (59.7ms)[0m  [1m[35mCREATE TABLE "admins" ("id" integer PRIMARY KEY AUTOINCREMENT NOT NULL, "email" varchar DEFAULT '' NOT NULL, "encrypted_password" varchar DEFAULT '' NOT NULL, "reset_password_token" varchar, "reset_password_sent_at" datetime, "remember_created_at" datetime, "sign_in_count" integer DEFAULT 0 NOT NULL, "current_sign_in_at" datetime, "last_sign_in_at" datetime, "current_sign_in_ip" varchar, "last_sign_in_ip" varchar, "created_at" datetime NOT NULL, "updated_at" datetime NOT NULL)[0m
  ↳ db/migrate/20181008104724_devise_create_admins.rb:5
  [1m[35m (0.6ms)[0m  [1m[35mCREATE UNIQUE INDEX "index_admins_on_email" ON "admins" ("email")[0m
  ↳ db/migrate/20181008104724_devise_create_admins.rb:39
  [1m[35m (0.8ms)[0m  [1m[35mCREATE UNIQUE INDEX "index_admins_on_reset_password_token" ON "admins" ("reset_password_token")[0m
  ↳ db/migrate/20181008104724_devise_create_admins.rb:40
  [1m[36mActiveRecord::SchemaMigration Create (1.8ms)[0m  [1m[32mINSERT INTO "schema_migrations" ("version") VALUES (?)[0m  [["version", "20181008104724"]]
  ↳ /usr/lib/ruby/vendor_ruby/rake/task.rb:271
  [1m[35m (10.0ms)[0m  [1m[36mcommit transaction[0m
  ↳ /usr/lib/ruby/vendor_ruby/rake/task.rb:271
  [1m[36mActiveRecord::InternalMetadata Load (7.7ms)[0m  [1m[34mSELECT  "ar_internal_metadata".* FROM "ar_internal_metadata" WHERE "ar_internal_metadata"."key" = ? LIMIT ?[0m  [["key", "environment"], ["LIMIT", 1]]
  ↳ /usr/lib/ruby/vendor_ruby/rake/task.rb:271
  [1m[35m (0.3ms)[0m  [1m[36mbegin transaction[0m
  ↳ /usr/lib/ruby/vendor_ruby/rake/task.rb:271
  [1m[35m (0.2ms)[0m  [1m[36mcommit transaction[0m
  ↳ /usr/lib/ruby/vendor_ruby/rake/task.rb:271
  [1m[35m (2.6ms)[0m  [1m[34mSELECT "schema_migrations"."version" FROM "schema_migrations" ORDER BY "schema_migrations"."version" ASC[0m
  ↳ /usr/lib/ruby/vendor_ruby/rake/task.rb:271
  [1m[35m (5.6ms)[0m  [1m[34mSELECT "schema_migrations"."version" FROM "schema_migrations" ORDER BY "schema_migrations"."version" ASC[0m
  ↳ /usr/lib/ruby/vendor_ruby/rake/task.rb:271
  [1m[35m (4.7ms)[0m  [1m[34mSELECT "schema_migrations"."version" FROM "schema_migrations" ORDER BY "schema_migrations"."version" ASC[0m
  ↳ /usr/lib/ruby/vendor_ruby/rake/task.rb:271
  [1m[36mPrefecture Load (20.8ms)[0m  [1m[34mSELECT  "prefectures".* FROM "prefectures" LIMIT ?[0m  [["LIMIT", 11]]
  [1m[35m (3.6ms)[0m  [1m[34mSELECT "schema_migrations"."version" FROM "schema_migrations" ORDER BY "schema_migrations"."version" ASC[0m
  ↳ /usr/lib/ruby/vendor_ruby/rake/task.rb:271
  [1m[35m (4.2ms)[0m  [1m[34mSELECT "schema_migrations"."version" FROM "schema_migrations" ORDER BY "schema_migrations"."version" ASC[0m
  ↳ /usr/lib/ruby/vendor_ruby/rake/task.rb:271
  [1m[35m (4.8ms)[0m  [1m[34mSELECT "schema_migrations"."version" FROM "schema_migrations" ORDER BY "schema_migrations"."version" ASC[0m
  ↳ /usr/lib/ruby/vendor_ruby/rake/task.rb:271
  [1m[35m (5.8ms)[0m  [1m[34mSELECT "schema_migrations"."version" FROM "schema_migrations" ORDER BY "schema_migrations"."version" ASC[0m
  ↳ /usr/lib/ruby/vendor_ruby/rake/task.rb:271
  [1m[35m (5.1ms)[0m  [1m[34mSELECT "schema_migrations"."version" FROM "schema_migrations" ORDER BY "schema_migrations"."version" ASC[0m
  ↳ /usr/lib/ruby/vendor_ruby/rake/task.rb:271
  [1m[35m (4.9ms)[0m  [1m[34mSELECT "schema_migrations"."version" FROM "schema_migrations" ORDER BY "schema_migrations"."version" ASC[0m
  ↳ /usr/lib/ruby/vendor_ruby/rake/task.rb:271
  [1m[35m (0.2ms)[0m  [1m[36mbegin transaction[0m
  ↳ db/seeds.rb:9
  [1m[36mPrefecture Create (27.6ms)[0m  [1m[32mINSERT INTO "prefectures" ("prefecture", "created_at", "updated_at") VALUES (?, ?, ?)[0m  [["prefecture", "北海道"], ["created_at", "2018-10-09 06:14:53.005091"], ["updated_at", "2018-10-09 06:14:53.005091"]]
  ↳ db/seeds.rb:9
  [1m[35m (15.5ms)[0m  [1m[36mcommit transaction[0m
  ↳ db/seeds.rb:9
  [1m[35m (0.5ms)[0m  [1m[36mbegin transaction[0m
  ↳ db/seeds.rb:9
  [1m[36mPrefecture Create (15.6ms)[0m  [1m[32mINSERT INTO "prefectures" ("prefecture", "created_at", "updated_at") VALUES (?, ?, ?)[0m  [["prefecture", "青森県"], ["created_at", "2018-10-09 06:14:53.065473"], ["updated_at", "2018-10-09 06:14:53.065473"]]
  ↳ db/seeds.rb:9
  [1m[35m (12.5ms)[0m  [1m[36mcommit transaction[0m
  ↳ db/seeds.rb:9
  [1m[35m (2.0ms)[0m  [1m[36mbegin transaction[0m
  ↳ db/seeds.rb:9
  [1m[36mPrefecture Create (15.4ms)[0m  [1m[32mINSERT INTO "prefectures" ("prefecture", "created_at", "updated_at") VALUES (?, ?, ?)[0m  [["prefecture", "岩手県"], ["created_at", "2018-10-09 06:14:53.113285"], ["updated_at", "2018-10-09 06:14:53.113285"]]
  ↳ db/seeds.rb:9
  [1m[35m (18.5ms)[0m  [1m[36mcommit transaction[0m
  ↳ db/seeds.rb:9
  [1m[35m (0.3ms)[0m  [1m[36mbegin transaction[0m
  ↳ db/seeds.rb:9
  [1m[36mPrefecture Create (16.6ms)[0m  [1m[32mINSERT INTO "prefectures" ("prefecture", "created_at", "updated_at") VALUES (?, ?, ?)[0m  [["prefecture", "宮城県"], ["created_at", "2018-10-09 06:14:53.160294"], ["updated_at", "2018-10-09 06:14:53.160294"]]
  ↳ db/seeds.rb:9
  [1m[35m (15.6ms)[0m  [1m[36mcommit transaction[0m
  ↳ db/seeds.rb:9
  [1m[35m (0.2ms)[0m  [1m[36mbegin transaction[0m
  ↳ db/seeds.rb:9
  [1m[36mPrefecture Create (13.8ms)[0m  [1m[32mINSERT INTO "prefectures" ("prefecture", "created_at", "updated_at") VALUES (?, ?, ?)[0m  [["prefecture", "秋田県"], ["created_at", "2018-10-09 06:14:53.226666"], ["updated_at", "2018-10-09 06:14:53.226666"]]
  ↳ db/seeds.rb:9
  [1m[35m (22.5ms)[0m  [1m[36mcommit transaction[0m
  ↳ db/seeds.rb:9
  [1m[35m (0.4ms)[0m  [1m[36mbegin transaction[0m
  ↳ db/seeds.rb:9
  [1m[36mPrefecture Create (18.4ms)[0m  [1m[32mINSERT INTO "prefectures" ("prefecture", "created_at", "updated_at") VALUES (?, ?, ?)[0m  [["prefecture", "山形県"], ["created_at", "2018-10-09 06:14:53.280997"], ["updated_at", "2018-10-09 06:14:53.280997"]]
  ↳ db/seeds.rb:9
  [1m[35m (16.5ms)[0m  [1m[36mcommit transaction[0m
  ↳ db/seeds.rb:9
  [1m[35m (0.4ms)[0m  [1m[36mbegin transaction[0m
  ↳ db/seeds.rb:9
  [1m[36mPrefecture Create (61.3ms)[0m  [1m[32mINSERT INTO "prefectures" ("prefecture", "created_at", "updated_at") VALUES (?, ?, ?)[0m  [["prefecture", "福島県"], ["created_at", "2018-10-09 06:14:53.326603"], ["updated_at", "2018-10-09 06:14:53.326603"]]
  ↳ db/seeds.rb:9
  [1m[35m (7.9ms)[0m  [1m[36mcommit transaction[0m
  ↳ db/seeds.rb:9
  [1m[35m (0.2ms)[0m  [1m[36mbegin transaction[0m
  ↳ db/seeds.rb:9
  [1m[36mPrefecture Create (12.6ms)[0m  [1m[32mINSERT INTO "prefectures" ("prefecture", "created_at", "updated_at") VALUES (?, ?, ?)[0m  [["prefecture", "茨城県"], ["created_at", "2018-10-09 06:14:53.403737"], ["updated_at", "2018-10-09 06:14:53.403737"]]
  ↳ db/seeds.rb:9
  [1m[35m (7.7ms)[0m  [1m[36mcommit transaction[0m
  ↳ db/seeds.rb:9
  [1m[35m (0.2ms)[0m  [1m[36mbegin transaction[0m
  ↳ db/seeds.rb:9
  [1m[36mPrefecture Create (39.5ms)[0m  [1m[32mINSERT INTO "prefectures" ("prefecture", "created_at", "updated_at") VALUES (?, ?, ?)[0m  [["prefecture", "栃木県"], ["created_at", "2018-10-09 06:14:53.431341"], ["updated_at", "2018-10-09 06:14:53.431341"]]
  ↳ db/seeds.rb:9
  [1m[35m (10.0ms)[0m  [1m[36mcommit transaction[0m
  ↳ db/seeds.rb:9
  [1m[35m (0.2ms)[0m  [1m[36mbegin transaction[0m
  ↳ db/seeds.rb:9
  [1m[36mPrefecture Create (17.7ms)[0m  [1m[32mINSERT INTO "prefectures" ("prefecture", "created_at", "updated_at") VALUES (?, ?, ?)[0m  [["prefecture", "群馬県"], ["created_at", "2018-10-09 06:14:53.487214"], ["updated_at", "2018-10-09 06:14:53.487214"]]
  ↳ db/seeds.rb:9
  [1m[35m (22.0ms)[0m  [1m[36mcommit transaction[0m
  ↳ db/seeds.rb:9
  [1m[35m (0.3ms)[0m  [1m[36mbegin transaction[0m
  ↳ db/seeds.rb:9
  [1m[36mPrefecture Create (19.3ms)[0m  [1m[32mINSERT INTO "prefectures" ("prefecture", "created_at", "updated_at") VALUES (?, ?, ?)[0m  [["prefecture", "埼玉県"], ["created_at", "2018-10-09 06:14:53.551226"], ["updated_at", "2018-10-09 06:14:53.551226"]]
  ↳ db/seeds.rb:9
  [1m[35m (14.2ms)[0m  [1m[36mcommit transaction[0m
  ↳ db/seeds.rb:9
  [1m[35m (0.3ms)[0m  [1m[36mbegin transaction[0m
  ↳ db/seeds.rb:9
  [1m[36mPrefecture Create (18.9ms)[0m  [1m[32mINSERT INTO "prefectures" ("prefecture", "created_at", "updated_at") VALUES (?, ?, ?)[0m  [["prefecture", "千葉県"], ["created_at", "2018-10-09 06:14:53.692223"], ["updated_at", "2018-10-09 06:14:53.692223"]]
  ↳ db/seeds.rb:9
  [1m[35m (16.1ms)[0m  [1m[36mcommit transaction[0m
  ↳ db/seeds.rb:9
  [1m[35m (0.3ms)[0m  [1m[36mbegin transaction[0m
  ↳ db/seeds.rb:9
  [1m[36mPrefecture Create (28.6ms)[0m  [1m[32mINSERT INTO "prefectures" ("prefecture", "created_at", "updated_at") VALUES (?, ?, ?)[0m  [["prefecture", "東京都"], ["created_at", "2018-10-09 06:14:53.740943"], ["updated_at", "2018-10-09 06:14:53.740943"]]
  ↳ db/seeds.rb:9
  [1m[35m (16.9ms)[0m  [1m[36mcommit transaction[0m
  ↳ db/seeds.rb:9
  [1m[35m (0.2ms)[0m  [1m[36mbegin transaction[0m
  ↳ db/seeds.rb:9
  [1m[36mPrefecture Create (17.2ms)[0m  [1m[32mINSERT INTO "prefectures" ("prefecture", "created_at", "updated_at") VALUES (?, ?, ?)[0m  [["prefecture", "神奈川県"], ["created_at", "2018-10-09 06:14:53.804918"], ["updated_at", "2018-10-09 06:14:53.804918"]]
  ↳ db/seeds.rb:9
  [1m[35m (17.1ms)[0m  [1m[36mcommit transaction[0m
  ↳ db/seeds.rb:9
  [1m[35m (0.2ms)[0m  [1m[36mbegin transaction[0m
  ↳ db/seeds.rb:9
  [1m[36mPrefecture Create (30.0ms)[0m  [1m[32mINSERT INTO "prefectures" ("prefecture", "created_at", "updated_at") VALUES (?, ?, ?)[0m  [["prefecture", "新潟県"], ["created_at", "2018-10-09 06:14:53.852968"], ["updated_at", "2018-10-09 06:14:53.852968"]]
  ↳ db/seeds.rb:9
  [1m[35m (14.3ms)[0m  [1m[36mcommit transaction[0m
  ↳ db/seeds.rb:9
  [1m[35m (0.2ms)[0m  [1m[36mbegin transaction[0m
  ↳ db/seeds.rb:9
  [1m[36mPrefecture Create (12.5ms)[0m  [1m[32mINSERT INTO "prefectures" ("prefecture", "created_at", "updated_at") VALUES (?, ?, ?)[0m  [["prefecture", "富山県"], ["created_at", "2018-10-09 06:14:53.909826"], ["updated_at", "2018-10-09 06:14:53.909826"]]
  ↳ db/seeds.rb:9
  [1m[35m (6.7ms)[0m  [1m[36mcommit transaction[0m
  ↳ db/seeds.rb:9
  [1m[35m (2.7ms)[0m  [1m[34mSELECT "schema_migrations"."version" FROM "schema_migrations" ORDER BY "schema_migrations"."version" ASC[0m
  ↳ /usr/lib/ruby/vendor_ruby/rake/task.rb:271
  [1m[35m (0.2ms)[0m  [1m[36mbegin transaction[0m
  ↳ db/seeds.rb:9
  [1m[36mPrefecture Create (13.1ms)[0m  [1m[32mINSERT INTO "prefectures" ("prefecture", "created_at", "updated_at") VALUES (?, ?, ?)[0m  [["prefecture", "北海道"], ["created_at", "2018-10-09 06:16:28.688335"], ["updated_at", "2018-10-09 06:16:28.688335"]]
  ↳ db/seeds.rb:9
  [1m[35m (24.5ms)[0m  [1m[36mcommit transaction[0m
  ↳ db/seeds.rb:9
  [1m[35m (0.2ms)[0m  [1m[36mbegin transaction[0m
  ↳ db/seeds.rb:9
  [1m[36mPrefecture Create (10.9ms)[0m  [1m[32mINSERT INTO "prefectures" ("prefecture", "created_at", "updated_at") VALUES (?, ?, ?)[0m  [["prefecture", "青森県"], ["created_at", "2018-10-09 06:16:28.738316"], ["updated_at", "2018-10-09 06:16:28.738316"]]
  ↳ db/seeds.rb:9
  [1m[35m (10.3ms)[0m  [1m[36mcommit transaction[0m
  ↳ db/seeds.rb:9
  [1m[35m (0.2ms)[0m  [1m[36mbegin transaction[0m
  ↳ db/seeds.rb:9
  [1m[36mPrefecture Create (23.3ms)[0m  [1m[32mINSERT INTO "prefectures" ("prefecture", "created_at", "updated_at") VALUES (?, ?, ?)[0m  [["prefecture", "岩手県"], ["created_at", "2018-10-09 06:16:28.789966"], ["updated_at", "2018-10-09 06:16:28.789966"]]
  ↳ db/seeds.rb:9
  [1m[35m (14.6ms)[0m  [1m[36mcommit transaction[0m
  ↳ db/seeds.rb:9
  [1m[35m (0.4ms)[0m  [1m[36mbegin transaction[0m
  ↳ db/seeds.rb:9
  [1m[36mPrefecture Create (18.1ms)[0m  [1m[32mINSERT INTO "prefectures" ("prefecture", "created_at", "updated_at") VALUES (?, ?, ?)[0m  [["prefecture", "宮城県"], ["created_at", "2018-10-09 06:16:28.856802"], ["updated_at", "2018-10-09 06:16:28.856802"]]
  ↳ db/seeds.rb:9
  [1m[35m (12.2ms)[0m  [1m[36mcommit transaction[0m
  ↳ db/seeds.rb:9
  [1m[35m (0.5ms)[0m  [1m[36mbegin transaction[0m
  ↳ db/seeds.rb:9
  [1m[36mPrefecture Create (19.2ms)[0m  [1m[32mINSERT INTO "prefectures" ("prefecture", "created_at", "updated_at") VALUES (?, ?, ?)[0m  [["prefecture", "秋田県"], ["created_at", "2018-10-09 06:16:28.904328"], ["updated_at", "2018-10-09 06:16:28.904328"]]
  ↳ db/seeds.rb:9
  [1m[35m (10.9ms)[0m  [1m[36mcommit transaction[0m
  ↳ db/seeds.rb:9
  [1m[35m (0.2ms)[0m  [1m[36mbegin transaction[0m
  ↳ db/seeds.rb:9
  [1m[36mPrefecture Create (19.2ms)[0m  [1m[32mINSERT INTO "prefectures" ("prefecture", "created_at", "updated_at") VALUES (?, ?, ?)[0m  [["prefecture", "山形県"], ["created_at", "2018-10-09 06:16:28.980728"], ["updated_at", "2018-10-09 06:16:28.980728"]]
  ↳ db/seeds.rb:9
  [1m[35m (16.2ms)[0m  [1m[36mcommit transaction[0m
  ↳ db/seeds.rb:9
  [1m[35m (1.4ms)[0m  [1m[36mbegin transaction[0m
  ↳ db/seeds.rb:9
  [1m[36mPrefecture Create (22.6ms)[0m  [1m[32mINSERT INTO "prefectures" ("prefecture", "created_at", "updated_at") VALUES (?, ?, ?)[0m  [["prefecture", "福島県"], ["created_at", "2018-10-09 06:16:29.066742"], ["updated_at", "2018-10-09 06:16:29.066742"]]
  ↳ db/seeds.rb:9
  [1m[35m (16.3ms)[0m  [1m[36mcommit transaction[0m
  ↳ db/seeds.rb:9
  [1m[35m (0.2ms)[0m  [1m[36mbegin transaction[0m
  ↳ db/seeds.rb:9
  [1m[36mPrefecture Create (22.5ms)[0m  [1m[32mINSERT INTO "prefectures" ("prefecture", "created_at", "updated_at") VALUES (?, ?, ?)[0m  [["prefecture", "茨城県"], ["created_at", "2018-10-09 06:16:29.114908"], ["updated_at", "2018-10-09 06:16:29.114908"]]
  ↳ db/seeds.rb:9
  [1m[35m (14.8ms)[0m  [1m[36mcommit transaction[0m
  ↳ db/seeds.rb:9
  [1m[35m (0.3ms)[0m  [1m[36mbegin transaction[0m
  ↳ db/seeds.rb:9
  [1m[36mPrefecture Create (16.3ms)[0m  [1m[32mINSERT INTO "prefectures" ("prefecture", "created_at", "updated_at") VALUES (?, ?, ?)[0m  [["prefecture", "栃木県"], ["created_at", "2018-10-09 06:16:29.168720"], ["updated_at", "2018-10-09 06:16:29.168720"]]
  ↳ db/seeds.rb:9
  [1m[35m (18.1ms)[0m  [1m[36mcommit transaction[0m
  ↳ db/seeds.rb:9
  [1m[35m (0.2ms)[0m  [1m[36mbegin transaction[0m
  ↳ db/seeds.rb:9
  [1m[36mPrefecture Create (35.2ms)[0m  [1m[32mINSERT INTO "prefectures" ("prefecture", "created_at", "updated_at") VALUES (?, ?, ?)[0m  [["prefecture", "群馬県"], ["created_at", "2018-10-09 06:16:29.216863"], ["updated_at", "2018-10-09 06:16:29.216863"]]
  ↳ db/seeds.rb:9
  [1m[35m (16.5ms)[0m  [1m[36mcommit transaction[0m
  ↳ db/seeds.rb:9
  [1m[35m (0.2ms)[0m  [1m[36mbegin transaction[0m
  ↳ db/seeds.rb:9
  [1m[36mPrefecture Create (23.9ms)[0m  [1m[32mINSERT INTO "prefectures" ("prefecture", "created_at", "updated_at") VALUES (?, ?, ?)[0m  [["prefecture", "埼玉県"], ["created_at", "2018-10-09 06:16:29.282749"], ["updated_at", "2018-10-09 06:16:29.282749"]]
  ↳ db/seeds.rb:9
  [1m[35m (16.3ms)[0m  [1m[36mcommit transaction[0m
  ↳ db/seeds.rb:9
  [1m[35m (0.8ms)[0m  [1m[36mbegin transaction[0m
  ↳ db/seeds.rb:9
  [1m[36mPrefecture Create (20.9ms)[0m  [1m[32mINSERT INTO "prefectures" ("prefecture", "created_at", "updated_at") VALUES (?, ?, ?)[0m  [["prefecture", "千葉県"], ["created_at", "2018-10-09 06:16:29.341148"], ["updated_at", "2018-10-09 06:16:29.341148"]]
  ↳ db/seeds.rb:9
  [1m[35m (16.4ms)[0m  [1m[36mcommit transaction[0m
  ↳ db/seeds.rb:9
  [1m[35m (1.2ms)[0m  [1m[36mbegin transaction[0m
  ↳ db/seeds.rb:9
  [1m[36mPrefecture Create (18.9ms)[0m  [1m[32mINSERT INTO "prefectures" ("prefecture", "created_at", "updated_at") VALUES (?, ?, ?)[0m  [["prefecture", "東京都"], ["created_at", "2018-10-09 06:16:29.392496"], ["updated_at", "2018-10-09 06:16:29.392496"]]
  ↳ db/seeds.rb:9
  [1m[35m (24.4ms)[0m  [1m[36mcommit transaction[0m
  ↳ db/seeds.rb:9
  [1m[35m (0.5ms)[0m  [1m[36mbegin transaction[0m
  ↳ db/seeds.rb:9
  [1m[36mPrefecture Create (18.9ms)[0m  [1m[32mINSERT INTO "prefectures" ("prefecture", "created_at", "updated_at") VALUES (?, ?, ?)[0m  [["prefecture", "神奈川県"], ["created_at", "2018-10-09 06:16:29.448748"], ["updated_at", "2018-10-09 06:16:29.448748"]]
  ↳ db/seeds.rb:9
  [1m[35m (12.1ms)[0m  [1m[36mcommit transaction[0m
  ↳ db/seeds.rb:9
  [1m[35m (0.2ms)[0m  [1m[36mbegin transaction[0m
  ↳ db/seeds.rb:9
  [1m[36mPrefecture Create (57.4ms)[0m  [1m[32mINSERT INTO "prefectures" ("prefecture", "created_at", "updated_at") VALUES (?, ?, ?)[0m  [["prefecture", "新潟県"], ["created_at", "2018-10-09 06:16:29.490288"], ["updated_at", "2018-10-09 06:16:29.490288"]]
  ↳ db/seeds.rb:9
  [1m[35m (12.1ms)[0m  [1m[36mcommit transaction[0m
  ↳ db/seeds.rb:9
  [1m[35m (0.3ms)[0m  [1m[36mbegin transaction[0m
  ↳ db/seeds.rb:9
  [1m[36mPrefecture Create (63.1ms)[0m  [1m[32mINSERT INTO "prefectures" ("prefecture", "created_at", "updated_at") VALUES (?, ?, ?)[0m  [["prefecture", "富山県"], ["created_at", "2018-10-09 06:16:29.567672"], ["updated_at", "2018-10-09 06:16:29.567672"]]
  ↳ db/seeds.rb:9
  [1m[35m (7.7ms)[0m  [1m[36mcommit transaction[0m
  ↳ db/seeds.rb:9
  [1m[35m (0.3ms)[0m  [1m[36mbegin transaction[0m
  ↳ db/seeds.rb:9
  [1m[36mPrefecture Create (10.1ms)[0m  [1m[32mINSERT INTO "prefectures" ("prefecture", "created_at", "updated_at") VALUES (?, ?, ?)[0m  [["prefecture", "石川県"], ["created_at", "2018-10-09 06:16:29.645364"], ["updated_at", "2018-10-09 06:16:29.645364"]]
  ↳ db/seeds.rb:9
  [1m[35m (7.9ms)[0m  [1m[36mcommit transaction[0m
  ↳ db/seeds.rb:9
  [1m[35m (0.2ms)[0m  [1m[36mbegin transaction[0m
  ↳ db/seeds.rb:9
  [1m[36mPrefecture Create (10.6ms)[0m  [1m[32mINSERT INTO "prefectures" ("prefecture", "created_at", "updated_at") VALUES (?, ?, ?)[0m  [["prefecture", "福井県"], ["created_at", "2018-10-09 06:16:29.733490"], ["updated_at", "2018-10-09 06:16:29.733490"]]
  ↳ db/seeds.rb:9
  [1m[35m (6.3ms)[0m  [1m[36mcommit transaction[0m
  ↳ db/seeds.rb:9
  [1m[35m (0.2ms)[0m  [1m[36mbegin transaction[0m
  ↳ db/seeds.rb:9
  [1m[36mPrefecture Create (15.8ms)[0m  [1m[32mINSERT INTO "prefectures" ("prefecture", "created_at", "updated_at") VALUES (?, ?, ?)[0m  [["prefecture", "山梨県"], ["created_at", "2018-10-09 06:16:29.774625"], ["updated_at", "2018-10-09 06:16:29.774625"]]
  ↳ db/seeds.rb:9
  [1m[35m (9.2ms)[0m  [1m[36mcommit transaction[0m
  ↳ db/seeds.rb:9
  [1m[35m (0.2ms)[0m  [1m[36mbegin transaction[0m
  ↳ db/seeds.rb:9
  [1m[36mPrefecture Create (11.8ms)[0m  [1m[32mINSERT INTO "prefectures" ("prefecture", "created_at", "updated_at") VALUES (?, ?, ?)[0m  [["prefecture", "長野県"], ["created_at", "2018-10-09 06:16:29.806667"], ["updated_at", "2018-10-09 06:16:29.806667"]]
  ↳ db/seeds.rb:9
  [1m[35m (9.1ms)[0m  [1m[36mcommit transaction[0m
  ↳ db/seeds.rb:9
  [1m[35m (0.2ms)[0m  [1m[36mbegin transaction[0m
  ↳ db/seeds.rb:9
  [1m[36mPrefecture Create (15.3ms)[0m  [1m[32mINSERT INTO "prefectures" ("prefecture", "created_at", "updated_at") VALUES (?, ?, ?)[0m  [["prefecture", "岐阜県"], ["created_at", "2018-10-09 06:16:29.845125"], ["updated_at", "2018-10-09 06:16:29.845125"]]
  ↳ db/seeds.rb:9
  [1m[35m (14.1ms)[0m  [1m[36mcommit transaction[0m
  ↳ db/seeds.rb:9
  [1m[35m (0.3ms)[0m  [1m[36mbegin transaction[0m
  ↳ db/seeds.rb:9
  [1m[36mPrefecture Create (16.3ms)[0m  [1m[32mINSERT INTO "prefectures" ("prefecture", "created_at", "updated_at") VALUES (?, ?, ?)[0m  [["prefecture", "静岡県"], ["created_at", "2018-10-09 06:16:29.891439"], ["updated_at", "2018-10-09 06:16:29.891439"]]
  ↳ db/seeds.rb:9
  [1m[35m (13.3ms)[0m  [1m[36mcommit transaction[0m
  ↳ db/seeds.rb:9
  [1m[35m (0.4ms)[0m  [1m[36mbegin transaction[0m
  ↳ db/seeds.rb:9
  [1m[36mPrefecture Create (49.4ms)[0m  [1m[32mINSERT INTO "prefectures" ("prefecture", "created_at", "updated_at") VALUES (?, ?, ?)[0m  [["prefecture", "愛知県"], ["created_at", "2018-10-09 06:16:29.950699"], ["updated_at", "2018-10-09 06:16:29.950699"]]
  ↳ db/seeds.rb:9
  [1m[35m (7.0ms)[0m  [1m[36mcommit transaction[0m
  ↳ db/seeds.rb:9
  [1m[35m (0.2ms)[0m  [1m[36mbegin transaction[0m
  ↳ db/seeds.rb:9
  [1m[36mPrefecture Create (16.7ms)[0m  [1m[32mINSERT INTO "prefectures" ("prefecture", "created_at", "updated_at") VALUES (?, ?, ?)[0m  [["prefecture", "三重県"], ["created_at", "2018-10-09 06:16:30.015053"], ["updated_at", "2018-10-09 06:16:30.015053"]]
  ↳ db/seeds.rb:9
  [1m[35m (25.3ms)[0m  [1m[36mcommit transaction[0m
  ↳ db/seeds.rb:9
  [1m[35m (0.5ms)[0m  [1m[36mbegin transaction[0m
  ↳ db/seeds.rb:9
  [1m[36mPrefecture Create (22.0ms)[0m  [1m[32mINSERT INTO "prefectures" ("prefecture", "created_at", "updated_at") VALUES (?, ?, ?)[0m  [["prefecture", "滋賀県"], ["created_at", "2018-10-09 06:16:30.067826"], ["updated_at", "2018-10-09 06:16:30.067826"]]
  ↳ db/seeds.rb:9
  [1m[35m (28.3ms)[0m  [1m[36mcommit transaction[0m
  ↳ db/seeds.rb:9
  [1m[35m (0.3ms)[0m  [1m[36mbegin transaction[0m
  ↳ db/seeds.rb:9
  [1m[36mPrefecture Create (23.0ms)[0m  [1m[32mINSERT INTO "prefectures" ("prefecture", "created_at", "updated_at") VALUES (?, ?, ?)[0m  [["prefecture", "京都府"], ["created_at", "2018-10-09 06:16:30.132742"], ["updated_at", "2018-10-09 06:16:30.132742"]]
  ↳ db/seeds.rb:9
  [1m[35m (17.3ms)[0m  [1m[36mcommit transaction[0m
  ↳ db/seeds.rb:9
  [1m[35m (1.0ms)[0m  [1m[36mbegin transaction[0m
  ↳ db/seeds.rb:9
  [1m[36mPrefecture Create (21.4ms)[0m  [1m[32mINSERT INTO "prefectures" ("prefecture", "created_at", "updated_at") VALUES (?, ?, ?)[0m  [["prefecture", "大阪府"], ["created_at", "2018-10-09 06:16:30.189663"], ["updated_at", "2018-10-09 06:16:30.189663"]]
  ↳ db/seeds.rb:9
  [1m[35m (20.1ms)[0m  [1m[36mcommit transaction[0m
  ↳ db/seeds.rb:9
  [1m[35m (0.2ms)[0m  [1m[36mbegin transaction[0m
  ↳ db/seeds.rb:9
  [1m[36mPrefecture Create (39.5ms)[0m  [1m[32mINSERT INTO "prefectures" ("prefecture", "created_at", "updated_at") VALUES (?, ?, ?)[0m  [["prefecture", "兵庫県"], ["created_at", "2018-10-09 06:16:30.247119"], ["updated_at", "2018-10-09 06:16:30.247119"]]
  ↳ db/seeds.rb:9
  [1m[35m (15.8ms)[0m  [1m[36mcommit transaction[0m
  ↳ db/seeds.rb:9
  [1m[35m (0.2ms)[0m  [1m[36mbegin transaction[0m
  ↳ db/seeds.rb:9
  [1m[36mPrefecture Create (16.1ms)[0m  [1m[32mINSERT INTO "prefectures" ("prefecture", "created_at", "updated_at") VALUES (?, ?, ?)[0m  [["prefecture", "奈良県"], ["created_at", "2018-10-09 06:16:30.318457"], ["updated_at", "2018-10-09 06:16:30.318457"]]
  ↳ db/seeds.rb:9
  [1m[35m (12.6ms)[0m  [1m[36mcommit transaction[0m
  ↳ db/seeds.rb:9
  [1m[35m (0.9ms)[0m  [1m[36mbegin transaction[0m
  ↳ db/seeds.rb:9
  [1m[36mPrefecture Create (16.6ms)[0m  [1m[32mINSERT INTO "prefectures" ("prefecture", "created_at", "updated_at") VALUES (?, ?, ?)[0m  [["prefecture", "和歌山県"], ["created_at", "2018-10-09 06:16:30.361952"], ["updated_at", "2018-10-09 06:16:30.361952"]]
  ↳ db/seeds.rb:9
  [1m[35m (13.7ms)[0m  [1m[36mcommit transaction[0m
  ↳ db/seeds.rb:9
  [1m[35m (0.3ms)[0m  [1m[36mbegin transaction[0m
  ↳ db/seeds.rb:9
  [1m[36mPrefecture Create (16.9ms)[0m  [1m[32mINSERT INTO "prefectures" ("prefecture", "created_at", "updated_at") VALUES (?, ?, ?)[0m  [["prefecture", "鳥取県"], ["created_at", "2018-10-09 06:16:30.417781"], ["updated_at", "2018-10-09 06:16:30.417781"]]
  ↳ db/seeds.rb:9
  [1m[35m (25.9ms)[0m  [1m[36mcommit transaction[0m
  ↳ db/seeds.rb:9
  [1m[35m (0.2ms)[0m  [1m[36mbegin transaction[0m
  ↳ db/seeds.rb:9
  [1m[36mPrefecture Create (25.5ms)[0m  [1m[32mINSERT INTO "prefectures" ("prefecture", "created_at", "updated_at") VALUES (?, ?, ?)[0m  [["prefecture", "島根県"], ["created_at", "2018-10-09 06:16:30.473010"], ["updated_at", "2018-10-09 06:16:30.473010"]]
  ↳ db/seeds.rb:9
  [1m[35m (7.8ms)[0m  [1m[36mcommit transaction[0m
  ↳ db/seeds.rb:9
  [1m[35m (0.5ms)[0m  [1m[36mbegin transaction[0m
  ↳ db/seeds.rb:9
  [1m[36mPrefecture Create (222.5ms)[0m  [1m[32mINSERT INTO "prefectures" ("prefecture", "created_at", "updated_at") VALUES (?, ?, ?)[0m  [["prefecture", "岡山県"], ["created_at", "2018-10-09 06:16:30.513752"], ["updated_at", "2018-10-09 06:16:30.513752"]]
  ↳ db/seeds.rb:9
  [1m[35m (9.8ms)[0m  [1m[36mcommit transaction[0m
  ↳ db/seeds.rb:9
  [1m[35m (0.3ms)[0m  [1m[36mbegin transaction[0m
  ↳ db/seeds.rb:9
  [1m[36mPrefecture Create (15.5ms)[0m  [1m[32mINSERT INTO "prefectures" ("prefecture", "created_at", "updated_at") VALUES (?, ?, ?)[0m  [["prefecture", "広島県"], ["created_at", "2018-10-09 06:16:30.756585"], ["updated_at", "2018-10-09 06:16:30.756585"]]
  ↳ db/seeds.rb:9
  [1m[35m (72.7ms)[0m  [1m[36mcommit transaction[0m
  ↳ db/seeds.rb:9
  [1m[35m (0.2ms)[0m  [1m[36mbegin transaction[0m
  ↳ db/seeds.rb:9
  [1m[36mPrefecture Create (14.6ms)[0m  [1m[32mINSERT INTO "prefectures" ("prefecture", "created_at", "updated_at") VALUES (?, ?, ?)[0m  [["prefecture", "山口県"], ["created_at", "2018-10-09 06:16:30.925359"], ["updated_at", "2018-10-09 06:16:30.925359"]]
  ↳ db/seeds.rb:9
  [1m[35m (15.7ms)[0m  [1m[36mcommit transaction[0m
  ↳ db/seeds.rb:9
  [1m[35m (0.2ms)[0m  [1m[36mbegin transaction[0m
  ↳ db/seeds.rb:9
  [1m[36mPrefecture Create (20.3ms)[0m  [1m[32mINSERT INTO "prefectures" ("prefecture", "created_at", "updated_at") VALUES (?, ?, ?)[0m  [["prefecture", "徳島県"], ["created_at", "2018-10-09 06:16:31.032766"], ["updated_at", "2018-10-09 06:16:31.032766"]]
  ↳ db/seeds.rb:9
  [1m[35m (17.3ms)[0m  [1m[36mcommit transaction[0m
  ↳ db/seeds.rb:9
  [1m[35m (0.3ms)[0m  [1m[36mbegin transaction[0m
  ↳ db/seeds.rb:9
  [1m[36mPrefecture Create (21.1ms)[0m  [1m[32mINSERT INTO "prefectures" ("prefecture", "created_at", "updated_at") VALUES (?, ?, ?)[0m  [["prefecture", "香川県"], ["created_at", "2018-10-09 06:16:31.087778"], ["updated_at", "2018-10-09 06:16:31.087778"]]
  ↳ db/seeds.rb:9
  [1m[35m (20.8ms)[0m  [1m[36mcommit transaction[0m
  ↳ db/seeds.rb:9
  [1m[35m (0.3ms)[0m  [1m[36mbegin transaction[0m
  ↳ db/seeds.rb:9
  [1m[36mPrefecture Create (18.3ms)[0m  [1m[32mINSERT INTO "prefectures" ("prefecture", "created_at", "updated_at") VALUES (?, ?, ?)[0m  [["prefecture", "愛媛県"], ["created_at", "2018-10-09 06:16:31.149211"], ["updated_at", "2018-10-09 06:16:31.149211"]]
  ↳ db/seeds.rb:9
  [1m[35m (15.2ms)[0m  [1m[36mcommit transaction[0m
  ↳ db/seeds.rb:9
  [1m[35m (0.2ms)[0m  [1m[36mbegin transaction[0m
  ↳ db/seeds.rb:9
  [1m[36mPrefecture Create (21.5ms)[0m  [1m[32mINSERT INTO "prefectures" ("prefecture", "created_at", "updated_at") VALUES (?, ?, ?)[0m  [["prefecture", "高知県"], ["created_at", "2018-10-09 06:16:31.196085"], ["updated_at", "2018-10-09 06:16:31.196085"]]
  ↳ db/seeds.rb:9
  [1m[35m (7.4ms)[0m  [1m[36mcommit transaction[0m
  ↳ db/seeds.rb:9
  [1m[35m (0.2ms)[0m  [1m[36mbegin transaction[0m
  ↳ db/seeds.rb:9
  [1m[36mPrefecture Create (22.3ms)[0m  [1m[32mINSERT INTO "prefectures" ("prefecture", "created_at", "updated_at") VALUES (?, ?, ?)[0m  [["prefecture", "福岡県"], ["created_at", "2018-10-09 06:16:31.243603"], ["updated_at", "2018-10-09 06:16:31.243603"]]
  ↳ db/seeds.rb:9
  [1m[35m (17.5ms)[0m  [1m[36mcommit transaction[0m
  ↳ db/seeds.rb:9
  [1m[35m (0.2ms)[0m  [1m[36mbegin transaction[0m
  ↳ db/seeds.rb:9
  [1m[36mPrefecture Create (20.5ms)[0m  [1m[32mINSERT INTO "prefectures" ("prefecture", "created_at", "updated_at") VALUES (?, ?, ?)[0m  [["prefecture", "佐賀県"], ["created_at", "2018-10-09 06:16:31.303114"], ["updated_at", "2018-10-09 06:16:31.303114"]]
  ↳ db/seeds.rb:9
  [1m[35m (16.0ms)[0m  [1m[36mcommit transaction[0m
  ↳ db/seeds.rb:9
  [1m[35m (3.5ms)[0m  [1m[36mbegin transaction[0m
  ↳ db/seeds.rb:9
  [1m[36mPrefecture Create (23.3ms)[0m  [1m[32mINSERT INTO "prefectures" ("prefecture", "created_at", "updated_at") VALUES (?, ?, ?)[0m  [["prefecture", "長崎県"], ["created_at", "2018-10-09 06:16:31.354851"], ["updated_at", "2018-10-09 06:16:31.354851"]]
  ↳ db/seeds.rb:9
  [1m[35m (15.2ms)[0m  [1m[36mcommit transaction[0m
  ↳ db/seeds.rb:9
  [1m[35m (0.3ms)[0m  [1m[36mbegin transaction[0m
  ↳ db/seeds.rb:9
  [1m[36mPrefecture Create (20.7ms)[0m  [1m[32mINSERT INTO "prefectures" ("prefecture", "created_at", "updated_at") VALUES (?, ?, ?)[0m  [["prefecture", "熊本県"], ["created_at", "2018-10-09 06:16:31.407229"], ["updated_at", "2018-10-09 06:16:31.407229"]]
  ↳ db/seeds.rb:9
  [1m[35m (10.1ms)[0m  [1m[36mcommit transaction[0m
  ↳ db/seeds.rb:9
  [1m[35m (0.2ms)[0m  [1m[36mbegin transaction[0m
  ↳ db/seeds.rb:9
  [1m[36mPrefecture Create (21.8ms)[0m  [1m[32mINSERT INTO "prefectures" ("prefecture", "created_at", "updated_at") VALUES (?, ?, ?)[0m  [["prefecture", "大分県"], ["created_at", "2018-10-09 06:16:31.449075"], ["updated_at", "2018-10-09 06:16:31.449075"]]
  ↳ db/seeds.rb:9
  [1m[35m (64.3ms)[0m  [1m[36mcommit transaction[0m
  ↳ db/seeds.rb:9
  [1m[35m (0.2ms)[0m  [1m[36mbegin transaction[0m
  ↳ db/seeds.rb:9
  [1m[36mPrefecture Create (12.2ms)[0m  [1m[32mINSERT INTO "prefectures" ("prefecture", "created_at", "updated_at") VALUES (?, ?, ?)[0m  [["prefecture", "宮城県"], ["created_at", "2018-10-09 06:16:31.639880"], ["updated_at", "2018-10-09 06:16:31.639880"]]
  ↳ db/seeds.rb:9
  [1m[35m (13.2ms)[0m  [1m[36mcommit transaction[0m
  ↳ db/seeds.rb:9
  [1m[35m (0.3ms)[0m  [1m[36mbegin transaction[0m
  ↳ db/seeds.rb:9
  [1m[36mPrefecture Create (45.5ms)[0m  [1m[32mINSERT INTO "prefectures" ("prefecture", "created_at", "updated_at") VALUES (?, ?, ?)[0m  [["prefecture", "鹿児島県"], ["created_at", "2018-10-09 06:16:31.673855"], ["updated_at", "2018-10-09 06:16:31.673855"]]
  ↳ db/seeds.rb:9
  [1m[35m (11.6ms)[0m  [1m[36mcommit transaction[0m
  ↳ db/seeds.rb:9
  [1m[35m (0.2ms)[0m  [1m[36mbegin transaction[0m
  ↳ db/seeds.rb:9
  [1m[36mPrefecture Create (16.9ms)[0m  [1m[32mINSERT INTO "prefectures" ("prefecture", "created_at", "updated_at") VALUES (?, ?, ?)[0m  [["prefecture", "沖縄県"], ["created_at", "2018-10-09 06:16:31.776726"], ["updated_at", "2018-10-09 06:16:31.776726"]]
  ↳ db/seeds.rb:9
  [1m[35m (13.5ms)[0m  [1m[36mcommit transaction[0m
  ↳ db/seeds.rb:9
  [1m[36mPrefecture Load (10.9ms)[0m  [1m[34mSELECT  "prefectures".* FROM "prefectures" LIMIT ?[0m  [["LIMIT", 11]]
